PathParameter	MaxPathLikelihood	MLContribution
0.0000	-40323	-0.0088254
2.1544e-07	-40172	-0.080068
2.1715e-06	-40302	-0.25499
8.3895e-06	-40360	-0.55289
2.1888e-05	-40354	-0.98933
4.6050e-05	-40268	-1.5767
8.4561e-05	-40402	-2.3259
0.00014136	-40412	-3.2473
0.00022061	-40301	-4.3430
0.00032669	-40326	-5.6206
0.00046416	-40167	-7.0952
0.00063774	-40233	-8.7688
0.00085232	-40194	-10.665
0.0011130	-40312	-12.746
0.0014248	-40169	-15.046
0.0017932	-40177	-17.559
0.0022237	-40179	-20.337
0.0027216	-40256	-23.318
0.0032929	-40050	-26.441
0.0039432	-40269	-29.978
0.0046784	-40102	-33.614
0.0055047	-40085	-37.569
0.0064280	-40090	-41.686
0.0074546	-39922	-46.143
0.0085909	-39989	-50.765
0.0098431	-39924	-55.603
0.011218	-39811	-60.868
0.012722	-39916	-66.205
0.014361	-39888	-71.989
0.016143	-39747	-77.677
0.018075	-39709	-83.946
0.020162	-39520	-90.301
0.022413	-39476	-97.013
0.024834	-39155	-103.52
0.027432	-38904	-110.47
0.030215	-39134	-117.79
0.033190	-38743	-124.85
0.036364	-38850	-132.77
0.039745	-38534	-140.27
0.043339	-38291	-148.39
0.047156	-38214	-156.71
0.051201	-37961	-164.44
0.055484	-37730	-172.84
0.060011	-37714	-182.28
0.064790	-37535	-191.27
0.069830	-37324	-200.54
0.075138	-36811	-208.95
0.080722	-37012	-219.16
0.086591	-36520	-226.85
0.092751	-36053	-235.26
0.099213	-36014	-245.93
0.10598	-35585	-254.63
0.11307	-35249	-264.10
0.12048	-35264	-276.19
0.12823	-35058	-285.82
0.13631	-34850	-297.07
0.14475	-34810	-308.60
0.15355	-34772	-320.67
0.16271	-34601	-332.43
0.17226	-34391	-343.80
0.18218	-34293	-356.21
0.19250	-34203	-368.65
0.20322	-34123	-381.41
0.21436	-34128	-396.31
0.22591	-33943	-408.83
0.23789	-33837	-421.80
0.25031	-33708	-435.74
0.26318	-33792	-451.51
0.27650	-33688	-466.29
0.29029	-33597	-481.02
0.30455	-33585	-496.78
0.31930	-33555	-513.34
0.33454	-33534	-530.10
0.35028	-33500	-546.24
0.36653	-33477	-562.86
0.38330	-33450	-580.47
0.40060	-33459	-598.40
0.41844	-33422	-616.15
0.43683	-33414	-634.64
0.45578	-33375	-652.75
0.47530	-33365	-672.07
0.49539	-33346	-691.15
0.51608	-33345	-710.90
0.53735	-33336	-730.97
0.55924	-33323	-751.30
0.58174	-33293	-771.49
0.60487	-33287	-792.32
0.62863	-33295	-814.11
0.65304	-33277	-835.33
0.67811	-33265	-857.19
0.70384	-33237	-878.91
0.73025	-33241	-901.70
0.75734	-33237	-924.68
0.78513	-33212	-947.81
0.81363	-33221	-971.67
0.84284	-33209	-995.36
0.87278	-33201	-1019.5
0.90345	-33197	-1044.2
0.93488	-33196	-1069.2
0.96705	-33183	-1094.3
1.0000	-33181	

log marginal likelihood (using generalized stepping stone sampling) from (pathLikelihood.source - pathLikelihood.destination) = -34143.59432928106
PathParameter	MaxPathLikelihood	MLContribution
0.0000	-40559	-0.0088522
2.1544e-07	-40649	-0.080399
2.1715e-06	-40531	-0.25538
8.3895e-06	-40563	-0.55466
2.1888e-05	-40577	-0.99279
4.6050e-05	-40517	-1.5822
8.4561e-05	-40551	-2.3351
0.00014136	-40636	-3.2543
0.00022061	-40546	-4.3587
0.00032669	-40545	-5.6462
0.00046416	-40531	-7.1308
0.00063774	-40572	-8.8102
0.00085232	-40483	-10.702
0.0011130	-40449	-12.803
0.0014248	-40605	-15.126
0.0017932	-40548	-17.660
0.0022237	-40507	-20.437
0.0027216	-40561	-23.434
0.0032929	-40467	-26.648
0.0039432	-40447	-30.127
0.0046784	-40493	-33.819
0.0055047	-40420	-37.803
0.0064280	-40446	-41.996
0.0074546	-40346	-46.444
0.0085909	-40359	-51.143
0.0098431	-40270	-56.100
0.011218	-40260	-61.285
0.012722	-40080	-66.769
0.014361	-40165	-72.485
0.016143	-39997	-78.508
0.018075	-40050	-84.728
0.020162	-39982	-91.151
0.022413	-39862	-97.856
0.024834	-39782	-104.95
0.027432	-39701	-111.94
0.030215	-39651	-119.53
0.033190	-39596	-127.29
0.036364	-39368	-134.69
0.039745	-39117	-142.80
0.043339	-38994	-150.80
0.047156	-38858	-159.56
0.051201	-38653	-167.73
0.055484	-38386	-176.01
0.060011	-38311	-185.21
0.064790	-38113	-194.54
0.069830	-37736	-202.76
0.075138	-37575	-211.78
0.080722	-37092	-220.05
0.086591	-36779	-229.64
0.092751	-36362	-238.40
0.099213	-36208	-247.60
0.10598	-35793	-256.18
0.11307	-35695	-267.15
0.12048	-35333	-276.15
0.12823	-35068	-285.99
0.13631	-34823	-296.46
0.14475	-34680	-307.77
0.15355	-34409	-317.81
0.16271	-34446	-330.66
0.17226	-34086	-340.77
0.18218	-33919	-352.13
0.19250	-33850	-364.83
0.20322	-33699	-377.90
0.21436	-33559	-389.47
0.22591	-33434	-402.39
0.23789	-33269	-415.95
0.25031	-33190	-429.32
0.26318	-33187	-444.21
0.27650	-33027	-458.22
0.29029	-33089	-473.76
0.30455	-32973	-488.39
0.31930	-32933	-504.17
0.33454	-32915	-520.37
0.35028	-32869	-536.15
0.36653	-32821	-552.75
0.38330	-32807	-569.08
0.40060	-32815	-586.97
0.41844	-32735	-604.48
0.43683	-32734	-621.84
0.45578	-32676	-639.66
0.47530	-32706	-658.81
0.49539	-32691	-677.46
0.51608	-32676	-696.84
0.53735	-32652	-716.27
0.55924	-32624	-735.53
0.58174	-32618	-755.89
0.60487	-32634	-776.76
0.62863	-32630	-797.53
0.65304	-32600	-818.30
0.67811	-32586	-839.89
0.70384	-32590	-861.76
0.73025	-32582	-884.06
0.75734	-32569	-906.31
0.78513	-32559	-929.09
0.81363	-32569	-952.38
0.84284	-32560	-975.76
0.87278	-32552	-999.64
0.90345	-32558	-1023.9
0.93488	-32543	-1048.5
0.96705	-32541	-1073.1
1.0000	-32535	

log marginal likelihood (using generalized stepping stone sampling) from (pathLikelihood.source - pathLikelihood.destination) = -33676.07660886534
