PathParameter	MaxPathLikelihood	MLContribution
0.0000	-48533	-0.010820
2.1544e-07	-48257	-0.097946
2.1715e-06	-48378	-0.31179
8.3895e-06	-47993	-0.67673
2.1888e-05	-48482	-1.2090
4.6050e-05	-48281	-1.9347
8.4561e-05	-48306	-2.8525
0.00014136	-48333	-3.9635
0.00022061	-48510	-5.3186
0.00032669	-48434	-6.8662
0.00046416	-48382	-8.6762
0.00063774	-48048	-10.710
0.00085232	-48228	-12.984
0.0011130	-48088	-15.511
0.0014248	-47748	-18.279
0.0017932	-47776	-21.296
0.0022237	-47871	-24.570
0.0027216	-47634	-28.063
0.0032929	-47680	-31.890
0.0039432	-47644	-35.905
0.0046784	-47349	-40.236
0.0055047	-47255	-44.659
0.0064280	-46398	-49.306
0.0074546	-46224	-54.292
0.0085909	-45689	-59.310
0.0098431	-45734	-64.959
0.011218	-45310	-69.947
0.012722	-44965	-75.591
0.014361	-44310	-81.020
0.016143	-43266	-86.238
0.018075	-42615	-91.816
0.020162	-42085	-97.175
0.022413	-41489	-103.46
0.024834	-41229	-109.49
0.027432	-40551	-115.61
0.030215	-39607	-120.82
0.033190	-39356	-127.32
0.036364	-38295	-132.21
0.039745	-37854	-139.15
0.043339	-37508	-146.86
0.047156	-36964	-152.14
0.051201	-36471	-158.77
0.055484	-35943	-165.14
0.060011	-35987	-174.54
0.064790	-35637	-182.14
0.069830	-35527	-190.72
0.075138	-34816	-197.31
0.080722	-34871	-206.77
0.086591	-34695	-216.13
0.092751	-34509	-225.97
0.099213	-34395	-235.49
0.10598	-34383	-245.77
0.11307	-34269	-256.43
0.12048	-34191	-267.28
0.12823	-34124	-278.35
0.13631	-34042	-289.11
0.14475	-34030	-301.11
0.15355	-33897	-312.94
0.16271	-33832	-324.43
0.17226	-33841	-337.39
0.18218	-33736	-350.47
0.19250	-33721	-363.11
0.20322	-33624	-376.19
0.21436	-33561	-389.88
0.22591	-33541	-403.54
0.23789	-33499	-417.94
0.25031	-33436	-431.87
0.26318	-33471	-447.58
0.27650	-33413	-462.42
0.29029	-33377	-477.63
0.30455	-33337	-493.26
0.31930	-33296	-509.36
0.33454	-33305	-525.82
0.35028	-33269	-542.52
0.36653	-33271	-559.47
0.38330	-33206	-576.78
0.40060	-33228	-594.38
0.41844	-33208	-611.97
0.43683	-33167	-630.04
0.45578	-33167	-648.68
0.47530	-33143	-667.70
0.49539	-33134	-686.69
0.51608	-33112	-706.19
0.53735	-33131	-726.25
0.55924	-33097	-746.32
0.58174	-33097	-766.95
0.60487	-33100	-787.77
0.62863	-33070	-808.68
0.65304	-33072	-830.22
0.67811	-33069	-852.17
0.70384	-33054	-874.31
0.73025	-33051	-896.68
0.75734	-33047	-919.51
0.78513	-33048	-942.92
0.81363	-33031	-966.43
0.84284	-33033	-990.09
0.87278	-33019	-1014.0
0.90345	-33015	-1038.5
0.93488	-33003	-1063.4
0.96705	-33017	-1088.7
1.0000	-33009	

log marginal likelihood (using generalized stepping stone sampling) from (pathLikelihood.source - pathLikelihood.destination) = -33944.87005280722
PathParameter	MaxPathLikelihood	MLContribution
0.0000	-49161	-0.010857
2.1544e-07	-49140	-0.098599
2.1715e-06	-49178	-0.31363
8.3895e-06	-49003	-0.68070
2.1888e-05	-48965	-1.2178
4.6050e-05	-49002	-1.9421
8.4561e-05	-49020	-2.8597
0.00014136	-48987	-3.9877
0.00022061	-49162	-5.3412
0.00032669	-49204	-6.9218
0.00046416	-48551	-8.7229
0.00063774	-48974	-10.796
0.00085232	-48726	-13.063
0.0011130	-48814	-15.638
0.0014248	-49001	-18.476
0.0017932	-48578	-21.533
0.0022237	-48924	-24.887
0.0027216	-48798	-28.507
0.0032929	-48340	-32.325
0.0039432	-48701	-36.554
0.0046784	-48221	-40.900
0.0055047	-47914	-45.484
0.0064280	-47738	-50.426
0.0074546	-47815	-55.487
0.0085909	-47180	-60.763
0.0098431	-46940	-66.696
0.011218	-46403	-72.240
0.012722	-46238	-78.180
0.014361	-45738	-84.110
0.016143	-44866	-89.930
0.018075	-44445	-95.754
0.020162	-43357	-100.97
0.022413	-42627	-106.58
0.024834	-42127	-112.92
0.027432	-41794	-119.14
0.030215	-41202	-124.94
0.033190	-39976	-130.14
0.036364	-39252	-135.89
0.039745	-38666	-142.03
0.043339	-38279	-148.93
0.047156	-37578	-155.31
0.051201	-36838	-160.69
0.055484	-36745	-168.81
0.060011	-36312	-175.68
0.064790	-35800	-182.80
0.069830	-35516	-191.39
0.075138	-35248	-199.84
0.080722	-35203	-208.58
0.086591	-34899	-217.06
0.092751	-34731	-226.35
0.099213	-34448	-235.64
0.10598	-34310	-245.38
0.11307	-34341	-256.23
0.12048	-34136	-266.76
0.12823	-34058	-277.33
0.13631	-34021	-288.97
0.14475	-33920	-299.88
0.15355	-33868	-311.86
0.16271	-33784	-323.93
0.17226	-33765	-336.88
0.18218	-33641	-349.15
0.19250	-33580	-361.91
0.20322	-33564	-375.52
0.21436	-33508	-389.31
0.22591	-33471	-402.90
0.23789	-33436	-417.32
0.25031	-33460	-431.98
0.26318	-33429	-446.97
0.27650	-33401	-461.95
0.29029	-33370	-477.42
0.30455	-33342	-493.12
0.31930	-33303	-509.45
0.33454	-33286	-525.27
0.35028	-33260	-542.11
0.36653	-33264	-559.38
0.38330	-33256	-576.68
0.40060	-33214	-594.18
0.41844	-33206	-612.06
0.43683	-33186	-630.46
0.45578	-33155	-648.88
0.47530	-33172	-667.88
0.49539	-33167	-687.17
0.51608	-33151	-706.69
0.53735	-33151	-726.82
0.55924	-33134	-746.92
0.58174	-33123	-767.34
0.60487	-33113	-788.23
0.62863	-33103	-809.48
0.65304	-33112	-831.17
0.67811	-33101	-852.81
0.70384	-33083	-874.98
0.73025	-33063	-897.63
0.75734	-33077	-920.31
0.78513	-33077	-943.55
0.81363	-33054	-966.98
0.84284	-33064	-990.91
0.87278	-33051	-1015.1
0.90345	-33046	-1039.6
0.93488	-33016	-1064.3
0.96705	-33036	-1089.7
1.0000	-33034	

log marginal likelihood (using generalized stepping stone sampling) from (pathLikelihood.source - pathLikelihood.destination) = -34018.32573603145
PathParameter	MaxPathLikelihood	MLContribution
0.0000	-49067	-0.010866
2.1544e-07	-48919	-0.098587
2.1715e-06	-48518	-0.31354
8.3895e-06	-49030	-0.68031
2.1888e-05	-49114	-1.2173
4.6050e-05	-48948	-1.9411
8.4561e-05	-49098	-2.8611
0.00014136	-48965	-3.9868
0.00022061	-48818	-5.3381
0.00032669	-48989	-6.9141
0.00046416	-48803	-8.7388
0.00063774	-48711	-10.768
0.00085232	-49052	-13.091
0.0011130	-48974	-15.649
0.0014248	-48584	-18.464
0.0017932	-48712	-21.534
0.0022237	-48532	-24.848
0.0027216	-48626	-28.513
0.0032929	-48535	-32.351
0.0039432	-48245	-36.442
0.0046784	-48316	-40.907
0.0055047	-47939	-45.543
0.0064280	-48034	-50.439
0.0074546	-47554	-55.587
0.0085909	-47446	-60.940
0.0098431	-46884	-66.488
0.011218	-46912	-72.336
0.012722	-46714	-78.269
0.014361	-45924	-84.146
0.016143	-45264	-89.861
0.018075	-44771	-95.828
0.020162	-43665	-101.57
0.022413	-43090	-107.44
0.024834	-42776	-113.75
0.027432	-41722	-119.41
0.030215	-41268	-125.37
0.033190	-40380	-131.06
0.036364	-39648	-137.03
0.039745	-38464	-142.01
0.043339	-38361	-149.07
0.047156	-37620	-154.79
0.051201	-37137	-161.75
0.055484	-36673	-168.81
0.060011	-35996	-174.84
0.064790	-35493	-181.79
0.069830	-35626	-191.49
0.075138	-35206	-198.71
0.080722	-34986	-206.91
0.086591	-34868	-216.97
0.092751	-34720	-226.48
0.099213	-34462	-235.40
0.10598	-34345	-245.33
0.11307	-34282	-256.37
0.12048	-34100	-266.53
0.12823	-34044	-277.90
0.13631	-34001	-288.90
0.14475	-33860	-299.81
0.15355	-33848	-312.08
0.16271	-33800	-324.15
0.17226	-33732	-336.70
0.18218	-33718	-349.56
0.19250	-33647	-362.31
0.20322	-33538	-375.33
0.21436	-33542	-389.30
0.22591	-33497	-402.94
0.23789	-33479	-417.46
0.25031	-33416	-431.90
0.26318	-33419	-446.90
0.27650	-33382	-462.06
0.29029	-33348	-477.26
0.30455	-33331	-492.90
0.31930	-33323	-509.38
0.33454	-33285	-525.61
0.35028	-33270	-542.34
0.36653	-33245	-559.54
0.38330	-33229	-576.53
0.40060	-33214	-594.24
0.41844	-33210	-612.19
0.43683	-33184	-630.40
0.45578	-33176	-649.08
0.47530	-33172	-667.81
0.49539	-33165	-687.37
0.51608	-33147	-706.71
0.53735	-33123	-726.40
0.55924	-33131	-746.73
0.58174	-33125	-767.39
0.60487	-33135	-788.55
0.62863	-33103	-809.64
0.65304	-33103	-831.00
0.67811	-33097	-852.88
0.70384	-33077	-874.94
0.73025	-33084	-897.56
0.75734	-33083	-920.44
0.78513	-33070	-943.48
0.81363	-33058	-966.98
0.84284	-33054	-990.67
0.87278	-33049	-1015.0
0.90345	-33049	-1039.6
0.93488	-33022	-1064.4
0.96705	-33035	-1089.5
1.0000	-33026	

log marginal likelihood (using generalized stepping stone sampling) from (pathLikelihood.source - pathLikelihood.destination) = -34020.8229264233
