PathParameter	MaxPathLikelihood	MLContribution
0.0000	-41696	-0.0095356
2.1544e-07	-41252	-0.086953
2.1715e-06	-41810	-0.27605
8.3895e-06	-41752	-0.59854
2.1888e-05	-41797	-1.0763
4.6050e-05	-41487	-1.7022
8.4561e-05	-40383	-2.5241
0.00014136	-41822	-3.5024
0.00022061	-41175	-4.6782
0.00032669	-41483	-6.0593
0.00046416	-41653	-7.6262
0.00063774	-41009	-9.4192
0.00085232	-41236	-11.374
0.0011130	-40589	-13.531
0.0014248	-40681	-15.833
0.0017932	-40918	-18.491
0.0022237	-40209	-21.193
0.0027216	-40254	-24.197
0.0032929	-39842	-27.191
0.0039432	-39068	-30.526
0.0046784	-39361	-33.948
0.0055047	-38455	-37.533
0.0064280	-38286	-41.288
0.0074546	-37707	-45.065
0.0085909	-36829	-48.624
0.0098431	-36430	-52.636
0.011218	-35946	-56.516
0.012722	-35238	-60.485
0.014361	-34988	-64.247
0.016143	-33816	-68.051
0.018075	-33821	-73.113
0.020162	-33252	-77.050
0.022413	-32931	-82.173
0.024834	-32432	-86.943
0.027432	-31910	-91.499
0.030215	-31664	-96.389
0.033190	-31793	-102.84
0.036364	-31192	-107.37
0.039745	-30977	-113.18
0.043339	-30739	-119.07
0.047156	-30714	-125.95
0.051201	-30607	-132.56
0.055484	-30465	-139.51
0.060011	-30446	-146.99
0.064790	-30444	-154.65
0.069830	-30290	-162.28
0.075138	-30325	-170.55
0.080722	-30240	-178.90
0.086591	-30219	-187.45
0.092751	-30232	-196.54
0.099213	-30200	-205.59
0.10598	-30148	-214.95
0.11307	-30138	-224.65
0.12048	-30105	-234.34
0.12823	-30014	-244.40
0.13631	-30052	-254.83
0.14475	-29981	-265.27
0.15355	-29998	-276.18
0.16271	-29945	-287.11
0.17226	-29977	-298.64
0.18218	-29945	-310.33
0.19250	-29933	-322.12
0.20322	-29916	-334.30
0.21436	-29891	-346.80
0.22591	-29894	-359.36
0.23789	-29899	-372.31
0.25031	-29862	-385.55
0.26318	-29874	-399.03
0.27650	-29847	-412.71
0.29029	-29840	-426.71
0.30455	-29835	-440.95
0.31930	-29834	-455.77
0.33454	-29814	-470.40
0.35028	-29797	-485.48
0.36653	-29801	-500.87
0.38330	-29794	-516.59
0.40060	-29791	-532.65
0.41844	-29797	-548.88
0.43683	-29772	-565.25
0.45578	-29767	-581.93
0.47530	-29772	-599.21
0.49539	-29765	-616.61
0.51608	-29761	-634.27
0.53735	-29757	-652.17
0.55924	-29752	-670.40
0.58174	-29751	-689.03
0.60487	-29741	-707.71
0.62863	-29739	-726.91
0.65304	-29735	-746.24
0.67811	-29730	-765.88
0.70384	-29721	-785.97
0.73025	-29723	-806.24
0.75734	-29726	-826.90
0.78513	-29720	-847.78
0.81363	-29713	-869.04
0.84284	-29717	-890.48
0.87278	-29701	-912.21
0.90345	-29703	-934.27
0.93488	-29709	-956.84
0.96705	-29704	-979.57
1.0000	-29699	

log marginal likelihood (using generalized stepping stone sampling) from (pathLikelihood.source - pathLikelihood.destination) = -30144.953490781536
PathParameter	MaxPathLikelihood	MLContribution
0.0000	-41877	-0.0095863
2.1544e-07	-41334	-0.086889
2.1715e-06	-41542	-0.27614
8.3895e-06	-41847	-0.59870
2.1888e-05	-41301	-1.0703
4.6050e-05	-42061	-1.7059
8.4561e-05	-41785	-2.5132
0.00014136	-41421	-3.4994
0.00022061	-41368	-4.6794
0.00032669	-41566	-6.0733
0.00046416	-41541	-7.6283
0.00063774	-41657	-9.3986
0.00085232	-40884	-11.355
0.0011130	-40983	-13.517
0.0014248	-41116	-15.912
0.0017932	-40239	-18.504
0.0022237	-40395	-21.189
0.0027216	-40471	-24.210
0.0032929	-39827	-27.324
0.0039432	-39663	-30.631
0.0046784	-39199	-34.047
0.0055047	-38593	-37.547
0.0064280	-38472	-41.336
0.0074546	-37709	-44.652
0.0085909	-37406	-48.803
0.0098431	-35911	-52.277
0.011218	-35565	-55.973
0.012722	-35446	-60.377
0.014361	-34794	-64.242
0.016143	-34420	-68.745
0.018075	-33820	-73.124
0.020162	-33266	-77.148
0.022413	-32904	-82.227
0.024834	-32544	-86.696
0.027432	-31744	-91.072
0.030215	-31741	-96.628
0.033190	-31258	-101.30
0.036364	-31306	-107.93
0.039745	-31033	-113.37
0.043339	-30787	-119.29
0.047156	-30739	-125.91
0.051201	-30410	-132.53
0.055484	-30516	-139.73
0.060011	-30411	-146.84
0.064790	-30441	-154.47
0.069830	-30340	-162.29
0.075138	-30310	-170.74
0.080722	-30265	-178.92
0.086591	-30209	-187.51
0.092751	-30196	-196.46
0.099213	-30226	-205.65
0.10598	-30175	-215.03
0.11307	-30111	-224.41
0.12048	-30066	-234.15
0.12823	-30066	-244.40
0.13631	-30038	-254.81
0.14475	-30022	-265.25
0.15355	-29982	-276.06
0.16271	-30001	-287.29
0.17226	-29965	-298.53
0.18218	-29939	-310.21
0.19250	-29921	-322.13
0.20322	-29907	-334.27
0.21436	-29904	-346.71
0.22591	-29890	-359.32
0.23789	-29896	-372.37
0.25031	-29857	-385.51
0.26318	-29864	-398.98
0.27650	-29851	-412.79
0.29029	-29843	-426.78
0.30455	-29823	-440.86
0.31930	-29827	-455.51
0.33454	-29813	-470.31
0.35028	-29814	-485.53
0.36653	-29810	-500.91
0.38330	-29801	-516.50
0.40060	-29794	-532.53
0.41844	-29782	-548.81
0.43683	-29778	-565.30
0.45578	-29773	-582.13
0.47530	-29769	-599.15
0.49539	-29759	-616.54
0.51608	-29761	-634.20
0.53735	-29752	-652.13
0.55924	-29748	-670.36
0.58174	-29751	-689.00
0.60487	-29745	-707.70
0.62863	-29739	-726.80
0.65304	-29742	-746.33
0.67811	-29735	-765.99
0.70384	-29728	-785.91
0.73025	-29734	-806.25
0.75734	-29727	-826.91
0.78513	-29718	-847.74
0.81363	-29721	-868.98
0.84284	-29702	-890.47
0.87278	-29716	-912.33
0.90345	-29711	-934.40
0.93488	-29702	-956.80
0.96705	-29704	-979.50
1.0000	-29695	

log marginal likelihood (using generalized stepping stone sampling) from (pathLikelihood.source - pathLikelihood.destination) = -30142.867046933094
