PathParameter	MaxPathLikelihood	MLContribution
0.0000	-47421	-0.010632
2.1544e-07	-47595	-0.096663
2.1715e-06	-47585	-0.30674
8.3895e-06	-47754	-0.66703
2.1888e-05	-47558	-1.1937
4.6050e-05	-47942	-1.9045
8.4561e-05	-47782	-2.8109
0.00014136	-47517	-3.9080
0.00022061	-47428	-5.2188
0.00032669	-47300	-6.7653
0.00046416	-47611	-8.5545
0.00063774	-47512	-10.558
0.00085232	-47487	-12.792
0.0011130	-47239	-15.239
0.0014248	-47022	-17.989
0.0017932	-47414	-21.012
0.0022237	-47199	-24.208
0.0027216	-47183	-27.730
0.0032929	-46785	-31.428
0.0039432	-46712	-35.450
0.0046784	-46828	-39.645
0.0055047	-46515	-44.202
0.0064280	-46616	-48.972
0.0074546	-45675	-53.669
0.0085909	-45352	-58.550
0.0098431	-45381	-64.081
0.011218	-45116	-69.694
0.012722	-44773	-75.353
0.014361	-44290	-81.429
0.016143	-43990	-86.776
0.018075	-42957	-91.986
0.020162	-42056	-97.789
0.022413	-41589	-103.42
0.024834	-41169	-109.26
0.027432	-40585	-115.67
0.030215	-39848	-121.07
0.033190	-39456	-127.49
0.036364	-38700	-133.50
0.039745	-37981	-139.43
0.043339	-37497	-145.56
0.047156	-37077	-152.76
0.051201	-36781	-160.47
0.055484	-36202	-166.32
0.060011	-35852	-174.06
0.064790	-35403	-181.14
0.069830	-35321	-189.71
0.075138	-34974	-198.15
0.080722	-34758	-206.04
0.086591	-34721	-215.86
0.092751	-34521	-224.79
0.099213	-34418	-234.85
0.10598	-34262	-245.19
0.11307	-34160	-255.33
0.12048	-34032	-266.07
0.12823	-34077	-277.17
0.13631	-33863	-287.80
0.14475	-33809	-299.69
0.15355	-33816	-311.93
0.16271	-33765	-324.00
0.17226	-33695	-336.24
0.18218	-33677	-349.19
0.19250	-33589	-361.86
0.20322	-33603	-375.72
0.21436	-33566	-389.47
0.22591	-33517	-403.03
0.23789	-33462	-417.55
0.25031	-33427	-431.83
0.26318	-33386	-446.75
0.27650	-33367	-461.89
0.29029	-33371	-477.67
0.30455	-33345	-493.29
0.31930	-33332	-509.20
0.33454	-33312	-525.96
0.35028	-33269	-542.48
0.36653	-33270	-559.44
0.38330	-33242	-576.93
0.40060	-33230	-594.39
0.41844	-33231	-612.52
0.43683	-33227	-630.74
0.45578	-33181	-649.17
0.47530	-33184	-668.37
0.49539	-33148	-687.25
0.51608	-33146	-706.74
0.53735	-33110	-726.55
0.55924	-33140	-747.03
0.58174	-33136	-767.49
0.60487	-33123	-788.33
0.62863	-33117	-809.59
0.65304	-33106	-831.39
0.67811	-33100	-852.86
0.70384	-33083	-874.98
0.73025	-33067	-897.53
0.75734	-33069	-920.30
0.78513	-33075	-943.68
0.81363	-33063	-966.96
0.84284	-33043	-990.88
0.87278	-33047	-1014.9
0.90345	-33036	-1039.4
0.93488	-33023	-1064.3
0.96705	-33030	-1089.4
1.0000	-33018	

log marginal likelihood (using generalized stepping stone sampling) from (pathLikelihood.source - pathLikelihood.destination) = -33939.98217493222
PathParameter	MaxPathLikelihood	MLContribution
0.0000	-47705	-0.010669
2.1544e-07	-47842	-0.096703
2.1715e-06	-47865	-0.30758
8.3895e-06	-47601	-0.66741
2.1888e-05	-47592	-1.1927
4.6050e-05	-48002	-1.9044
8.4561e-05	-47394	-2.7997
0.00014136	-47559	-3.9104
0.00022061	-47656	-5.2251
0.00032669	-47886	-6.7796
0.00046416	-47755	-8.5468
0.00063774	-47696	-10.561
0.00085232	-47665	-12.803
0.0011130	-47319	-15.282
0.0014248	-47464	-18.024
0.0017932	-47671	-21.042
0.0022237	-47271	-24.235
0.0027216	-47214	-27.737
0.0032929	-46763	-31.468
0.0039432	-46940	-35.462
0.0046784	-46450	-39.651
0.0055047	-46519	-44.117
0.0064280	-46441	-48.776
0.0074546	-46157	-53.866
0.0085909	-45367	-58.870
0.0098431	-45645	-64.213
0.011218	-44994	-69.698
0.012722	-45178	-75.725
0.014361	-44187	-80.701
0.016143	-44207	-87.321
0.018075	-43299	-92.712
0.020162	-42789	-98.758
0.022413	-41560	-103.64
0.024834	-41178	-109.77
0.027432	-40571	-115.41
0.030215	-39671	-120.98
0.033190	-39450	-127.68
0.036364	-38651	-133.10
0.039745	-38278	-140.15
0.043339	-37601	-146.34
0.047156	-36763	-151.52
0.051201	-36183	-158.57
0.055484	-36141	-166.14
0.060011	-35581	-172.52
0.064790	-35486	-181.01
0.069830	-35287	-189.14
0.075138	-34907	-197.87
0.080722	-34845	-206.91
0.086591	-34763	-216.41
0.092751	-34552	-225.26
0.099213	-34224	-234.60
0.10598	-34342	-245.01
0.11307	-34139	-255.32
0.12048	-34041	-265.71
0.12823	-34057	-277.57
0.13631	-33958	-288.31
0.14475	-33878	-299.77
0.15355	-33763	-311.43
0.16271	-33718	-323.85
0.17226	-33716	-336.46
0.18218	-33719	-349.51
0.19250	-33586	-361.90
0.20322	-33595	-375.72
0.21436	-33534	-388.84
0.22591	-33511	-403.10
0.23789	-33496	-417.63
0.25031	-33432	-431.84
0.26318	-33425	-446.93
0.27650	-33392	-461.98
0.29029	-33342	-477.15
0.30455	-33316	-493.04
0.31930	-33321	-509.36
0.33454	-33285	-525.57
0.35028	-33269	-542.32
0.36653	-33269	-559.47
0.38330	-33273	-576.96
0.40060	-33224	-594.05
0.41844	-33225	-612.37
0.43683	-33201	-630.73
0.45578	-33196	-649.20
0.47530	-33161	-668.11
0.49539	-33148	-687.22
0.51608	-33142	-706.70
0.53735	-33143	-726.85
0.55924	-33130	-746.89
0.58174	-33124	-767.44
0.60487	-33126	-788.34
0.62863	-33120	-809.42
0.65304	-33101	-831.06
0.67811	-33096	-852.95
0.70384	-33087	-875.04
0.73025	-33088	-897.60
0.75734	-33070	-920.30
0.78513	-33068	-943.52
0.81363	-33055	-967.02
0.84284	-33053	-990.93
0.87278	-33049	-1014.8
0.90345	-33034	-1039.4
0.93488	-33033	-1064.3
0.96705	-33029	-1089.3
1.0000	-33035	

log marginal likelihood (using generalized stepping stone sampling) from (pathLikelihood.source - pathLikelihood.destination) = -33937.88299023036
