PathParameter	MaxPathLikelihood	MLContribution
0.0000	-33640	-0.0084508
2.1544e-07	-34092	-0.076110
2.1715e-06	-34569	-0.24345
8.3895e-06	-34134	-0.52222
2.1888e-05	-34422	-0.93247
4.6050e-05	-34246	-1.4815
8.4561e-05	-34465	-2.2097
0.00014136	-34143	-3.0061
0.00022061	-34539	-4.0572
0.00032669	-34298	-5.1151
0.00046416	-33489	-6.4189
0.00063774	-33466	-7.9297
0.00085232	-33613	-9.3836
0.0011130	-33371	-11.054
0.0014248	-33343	-13.039
0.0017932	-33237	-15.068
0.0022237	-33068	-17.423
0.0027216	-33130	-19.816
0.0032929	-33070	-22.485
0.0039432	-32901	-25.084
0.0046784	-32797	-28.032
0.0055047	-32838	-31.029
0.0064280	-32850	-34.496
0.0074546	-32651	-37.945
0.0085909	-32623	-41.709
0.0098431	-32718	-45.702
0.011218	-32644	-49.896
0.012722	-32573	-54.214
0.014361	-32356	-58.723
0.016143	-32431	-63.527
0.018075	-32415	-68.548
0.020162	-32376	-73.761
0.022413	-32263	-79.215
0.024834	-32270	-84.662
0.027432	-32268	-90.623
0.030215	-32249	-96.698
0.033190	-32224	-103.17
0.036364	-32181	-109.75
0.039745	-32181	-116.52
0.043339	-32168	-123.71
0.047156	-32072	-130.95
0.051201	-32157	-138.58
0.055484	-32113	-146.29
0.060011	-32114	-154.37
0.064790	-32091	-162.64
0.069830	-32042	-171.18
0.075138	-32032	-179.93
0.080722	-32039	-189.01
0.086591	-31991	-198.17
0.092751	-31966	-207.58
0.099213	-31968	-217.51
0.10598	-31937	-227.30
0.11307	-31919	-237.74
0.12048	-31912	-248.29
0.12823	-31863	-258.91
0.13631	-31847	-269.94
0.14475	-31814	-281.36
0.15355	-31783	-292.79
0.16271	-31795	-304.52
0.17226	-31782	-316.52
0.18218	-31758	-328.87
0.19250	-31763	-341.68
0.20322	-31723	-354.40
0.21436	-31720	-367.63
0.22591	-31727	-381.13
0.23789	-31671	-394.68
0.25031	-31680	-408.69
0.26318	-31663	-422.99
0.27650	-31638	-437.50
0.29029	-31624	-452.30
0.30455	-31607	-467.35
0.31930	-31600	-482.90
0.33454	-31592	-498.44
0.35028	-31582	-514.51
0.36653	-31571	-530.72
0.38330	-31567	-547.26
0.40060	-31566	-564.20
0.41844	-31547	-581.11
0.43683	-31552	-598.85
0.45578	-31539	-616.47
0.47530	-31531	-634.80
0.49539	-31529	-653.04
0.51608	-31519	-671.74
0.53735	-31513	-690.55
0.55924	-31506	-709.88
0.58174	-31510	-729.61
0.60487	-31498	-749.50
0.62863	-31500	-769.89
0.65304	-31494	-790.50
0.67811	-31488	-811.22
0.70384	-31480	-832.42
0.73025	-31485	-853.86
0.75734	-31484	-875.71
0.78513	-31476	-897.82
0.81363	-31476	-920.17
0.84284	-31475	-943.04
0.87278	-31471	-966.13
0.90345	-31463	-989.64
0.93488	-31468	-1013.4
0.96705	-31460	-1037.4
1.0000	-31447	

log marginal likelihood (using generalized stepping stone sampling) from (pathLikelihood.source - pathLikelihood.destination) = -31722.835627678858
PathParameter	MaxPathLikelihood	MLContribution
0.0000	-34511	-0.0082888
2.1544e-07	-34427	-0.075372
2.1715e-06	-34058	-0.24029
8.3895e-06	-34152	-0.52418
2.1888e-05	-34189	-0.95290
4.6050e-05	-34433	-1.4965
8.4561e-05	-34116	-2.1920
0.00014136	-34317	-3.0201
0.00022061	-33828	-3.9830
0.00032669	-34027	-5.0956
0.00046416	-33419	-6.4184
0.00063774	-34115	-7.8055
0.00085232	-33747	-9.3416
0.0011130	-33266	-11.081
0.0014248	-33252	-12.999
0.0017932	-33062	-15.113
0.0022237	-33056	-17.352
0.0027216	-33177	-19.862
0.0032929	-33068	-22.242
0.0039432	-32754	-24.954
0.0046784	-32895	-28.191
0.0055047	-32745	-31.020
0.0064280	-32854	-34.396
0.0074546	-32605	-37.886
0.0085909	-32528	-41.687
0.0098431	-32548	-45.663
0.011218	-32545	-49.851
0.012722	-32474	-54.244
0.014361	-32534	-58.797
0.016143	-32433	-63.455
0.018075	-32384	-68.478
0.020162	-32397	-73.726
0.022413	-32362	-79.347
0.024834	-32295	-84.665
0.027432	-32286	-90.647
0.030215	-32250	-96.835
0.033190	-32228	-103.18
0.036364	-32202	-109.65
0.039745	-32175	-116.47
0.043339	-32163	-123.64
0.047156	-32158	-130.93
0.051201	-32173	-138.61
0.055484	-32123	-146.35
0.060011	-32032	-154.38
0.064790	-32080	-162.59
0.069830	-32049	-171.18
0.075138	-32031	-179.95
0.080722	-32004	-188.92
0.086591	-32008	-198.25
0.092751	-31946	-207.69
0.099213	-31949	-217.32
0.10598	-31942	-227.45
0.11307	-31937	-237.70
0.12048	-31892	-248.13
0.12823	-31894	-259.00
0.13631	-31837	-269.92
0.14475	-31838	-281.30
0.15355	-31810	-292.63
0.16271	-31782	-304.68
0.17226	-31786	-316.74
0.18218	-31750	-329.06
0.19250	-31728	-341.43
0.20322	-31745	-354.61
0.21436	-31682	-367.61
0.22591	-31695	-381.01
0.23789	-31694	-394.76
0.25031	-31648	-408.62
0.26318	-31650	-422.92
0.27650	-31654	-437.52
0.29029	-31648	-452.49
0.30455	-31617	-467.40
0.31930	-31600	-482.61
0.33454	-31589	-498.39
0.35028	-31586	-514.45
0.36653	-31579	-530.76
0.38330	-31563	-547.17
0.40060	-31569	-564.20
0.41844	-31550	-581.31
0.43683	-31549	-598.76
0.45578	-31549	-616.71
0.47530	-31536	-634.69
0.49539	-31517	-652.92
0.51608	-31518	-671.54
0.53735	-31525	-690.83
0.55924	-31508	-709.90
0.58174	-31505	-729.46
0.60487	-31497	-749.33
0.62863	-31498	-769.71
0.65304	-31490	-790.26
0.67811	-31487	-811.20
0.70384	-31478	-832.42
0.73025	-31486	-853.82
0.75734	-31485	-875.73
0.78513	-31487	-897.93
0.81363	-31476	-920.44
0.84284	-31470	-943.08
0.87278	-31476	-966.24
0.90345	-31474	-989.69
0.93488	-31471	-1013.3
0.96705	-31469	-1037.5
1.0000	-31468	

log marginal likelihood (using generalized stepping stone sampling) from (pathLikelihood.source - pathLikelihood.destination) = -31722.083932517984
PathParameter	MaxPathLikelihood	MLContribution
0.0000	-34666	-0.0083832
2.1544e-07	-33938	-0.076676
2.1715e-06	-33510	-0.23999
8.3895e-06	-34335	-0.51505
2.1888e-05	-34496	-0.93401
4.6050e-05	-33570	-1.4836
8.4561e-05	-33202	-2.1599
0.00014136	-34058	-3.0478
0.00022061	-33691	-3.9397
0.00032669	-33943	-5.1849
0.00046416	-33390	-6.3582
0.00063774	-33744	-7.7930
0.00085232	-33485	-9.3030
0.0011130	-33301	-11.026
0.0014248	-33336	-12.980
0.0017932	-33221	-15.100
0.0022237	-33242	-17.412
0.0027216	-33146	-19.802
0.0032929	-32913	-22.395
0.0039432	-32929	-25.021
0.0046784	-32897	-27.964
0.0055047	-32760	-30.942
0.0064280	-32685	-34.317
0.0074546	-32692	-37.949
0.0085909	-32541	-41.653
0.0098431	-32582	-45.705
0.011218	-32588	-49.872
0.012722	-32453	-54.222
0.014361	-32420	-58.695
0.016143	-32469	-63.556
0.018075	-32325	-68.469
0.020162	-32343	-73.727
0.022413	-32344	-79.153
0.024834	-32266	-84.862
0.027432	-32260	-90.626
0.030215	-32244	-96.688
0.033190	-32213	-103.06
0.036364	-32170	-109.79
0.039745	-32216	-116.55
0.043339	-32196	-123.65
0.047156	-32179	-130.97
0.051201	-32149	-138.47
0.055484	-32094	-146.27
0.060011	-32068	-154.39
0.064790	-32085	-162.67
0.069830	-32069	-171.17
0.075138	-32062	-179.98
0.080722	-32066	-189.05
0.086591	-32028	-198.25
0.092751	-32013	-207.77
0.099213	-31915	-217.57
0.10598	-31938	-227.43
0.11307	-31877	-237.70
0.12048	-31867	-248.30
0.12823	-31863	-258.96
0.13631	-31829	-269.93
0.14475	-31825	-281.21
0.15355	-31773	-292.81
0.16271	-31814	-304.70
0.17226	-31734	-316.67
0.18218	-31758	-328.92
0.19250	-31744	-341.62
0.20322	-31739	-354.37
0.21436	-31710	-367.64
0.22591	-31668	-380.85
0.23789	-31677	-394.61
0.25031	-31677	-408.73
0.26318	-31673	-422.96
0.27650	-31647	-437.50
0.29029	-31615	-452.07
0.30455	-31606	-467.48
0.31930	-31620	-482.90
0.33454	-31583	-498.27
0.35028	-31579	-514.43
0.36653	-31580	-530.66
0.38330	-31539	-547.42
0.40060	-31556	-564.24
0.41844	-31559	-581.47
0.43683	-31537	-599.04
0.45578	-31533	-616.71
0.47530	-31541	-634.75
0.49539	-31514	-653.14
0.51608	-31514	-671.69
0.53735	-31506	-690.57
0.55924	-31500	-710.07
0.58174	-31503	-729.60
0.60487	-31496	-749.50
0.62863	-31494	-769.71
0.65304	-31486	-790.29
0.67811	-31479	-811.10
0.70384	-31489	-832.38
0.73025	-31481	-853.79
0.75734	-31483	-875.67
0.78513	-31478	-897.78
0.81363	-31478	-920.38
0.84284	-31470	-943.02
0.87278	-31471	-966.18
0.90345	-31466	-989.58
0.93488	-31459	-1013.4
0.96705	-31464	-1037.5
1.0000	-31463	

log marginal likelihood (using generalized stepping stone sampling) from (pathLikelihood.source - pathLikelihood.destination) = -31722.45957981672
PathParameter	MaxPathLikelihood	MLContribution
0.0000	-34206	-0.0083957
2.1544e-07	-33609	-0.075808
2.1715e-06	-34444	-0.24315
8.3895e-06	-33686	-0.52741
2.1888e-05	-33468	-0.92564
4.6050e-05	-34194	-1.4656
8.4561e-05	-33576	-2.1990
0.00014136	-33986	-3.0115
0.00022061	-34166	-3.9775
0.00032669	-33464	-5.0136
0.00046416	-33856	-6.4987
0.00063774	-33897	-7.8026
0.00085232	-33169	-9.3481
0.0011130	-33382	-11.044
0.0014248	-33186	-13.024
0.0017932	-33260	-15.083
0.0022237	-33200	-17.348
0.0027216	-33060	-19.834
0.0032929	-33066	-22.418
0.0039432	-32946	-25.012
0.0046784	-32826	-27.756
0.0055047	-32888	-30.932
0.0064280	-32771	-34.363
0.0074546	-32729	-37.908
0.0085909	-32669	-41.659
0.0098431	-32688	-45.692
0.011218	-32638	-49.830
0.012722	-32551	-54.282
0.014361	-32630	-58.951
0.016143	-32414	-63.561
0.018075	-32334	-68.409
0.020162	-32285	-73.746
0.022413	-32268	-79.079
0.024834	-32327	-84.734
0.027432	-32258	-90.664
0.030215	-32221	-96.614
0.033190	-32239	-103.08
0.036364	-32197	-109.69
0.039745	-32186	-116.55
0.043339	-32212	-123.61
0.047156	-32177	-130.93
0.051201	-32177	-138.51
0.055484	-32149	-146.31
0.060011	-32116	-154.37
0.064790	-32074	-162.70
0.069830	-32042	-171.20
0.075138	-32029	-179.94
0.080722	-31974	-188.96
0.086591	-31944	-198.13
0.092751	-31964	-207.69
0.099213	-31942	-217.42
0.10598	-31949	-227.48
0.11307	-31879	-237.70
0.12048	-31918	-248.42
0.12823	-31910	-259.16
0.13631	-31834	-270.05
0.14475	-31857	-281.23
0.15355	-31821	-292.80
0.16271	-31815	-304.59
0.17226	-31798	-316.72
0.18218	-31753	-328.97
0.19250	-31727	-341.57
0.20322	-31739	-354.45
0.21436	-31709	-367.54
0.22591	-31699	-381.13
0.23789	-31676	-394.73
0.25031	-31665	-408.57
0.26318	-31665	-422.95
0.27650	-31643	-437.50
0.29029	-31626	-452.32
0.30455	-31608	-467.34
0.31930	-31597	-482.88
0.33454	-31601	-498.58
0.35028	-31589	-514.48
0.36653	-31584	-530.77
0.38330	-31579	-547.47
0.40060	-31563	-564.13
0.41844	-31542	-581.35
0.43683	-31546	-598.96
0.45578	-31545	-616.72
0.47530	-31541	-634.78
0.49539	-31527	-652.96
0.51608	-31518	-671.69
0.53735	-31519	-690.78
0.55924	-31504	-710.01
0.58174	-31514	-729.72
0.60487	-31507	-749.48
0.62863	-31501	-769.75
0.65304	-31493	-790.37
0.67811	-31487	-811.07
0.70384	-31488	-832.33
0.73025	-31488	-853.84
0.75734	-31487	-875.63
0.78513	-31483	-897.74
0.81363	-31478	-920.37
0.84284	-31476	-943.04
0.87278	-31467	-966.23
0.90345	-31471	-989.59
0.93488	-31468	-1013.3
0.96705	-31465	-1037.5
1.0000	-31463	

log marginal likelihood (using generalized stepping stone sampling) from (pathLikelihood.source - pathLikelihood.destination) = -31722.959016253928
PathParameter	MaxPathLikelihood	MLContribution
0.0000	-79774	-0.020416
2.1544e-07	-77022	-0.18548
2.1715e-06	-76140	-0.58990
8.3895e-06	-78559	-1.2837
2.1888e-05	-72908	-2.2726
4.6050e-05	-74645	-3.6020
8.4561e-05	-75343	-5.1999
0.00014136	-70390	-7.1400
0.00022061	-62442	-9.1000
0.00032669	-66875	-11.259
0.00046416	-58411	-13.035
0.00063774	-51045	-14.038
0.00085232	-40427	-14.257
0.0011130	-37872	-14.629
0.0014248	-34784	-14.874
0.0017932	-33393	-15.788
0.0022237	-33353	-17.679
0.0027216	-33387	-20.015
0.0032929	-33403	-22.562
0.0039432	-33343	-25.339
0.0046784	-33229	-28.309
0.0055047	-33235	-31.454
0.0064280	-32875	-34.727
0.0074546	-32907	-38.248
0.0085909	-33024	-42.082
0.0098431	-32828	-46.130
0.011218	-32726	-50.284
0.012722	-32930	-54.794
0.014361	-32805	-59.402
0.016143	-32715	-64.263
0.018075	-32677	-69.271
0.020162	-32595	-74.516
0.022413	-32528	-79.879
0.024834	-32507	-85.425
0.027432	-32530	-91.345
0.030215	-32426	-97.465
0.033190	-32458	-103.87
0.036364	-32430	-110.46
0.039745	-32322	-117.36
0.043339	-32331	-124.42
0.047156	-32371	-131.80
0.051201	-32297	-139.34
0.055484	-32286	-147.17
0.060011	-32205	-155.23
0.064790	-32208	-163.45
0.069830	-32217	-172.08
0.075138	-32165	-180.65
0.080722	-32154	-189.77
0.086591	-32115	-199.06
0.092751	-32016	-208.53
0.099213	-32051	-218.22
0.10598	-32030	-228.20
0.11307	-31978	-238.39
0.12048	-31923	-248.78
0.12823	-31917	-259.50
0.13631	-31890	-270.44
0.14475	-31884	-281.72
0.15355	-31840	-293.24
0.16271	-31851	-305.03
0.17226	-31795	-316.98
0.18218	-31776	-329.36
0.19250	-31720	-341.80
0.20322	-31753	-354.85
0.21436	-31712	-367.92
0.22591	-31718	-381.13
0.23789	-31678	-394.65
0.25031	-31663	-408.65
0.26318	-31642	-422.95
0.27650	-31642	-437.61
0.29029	-31631	-452.46
0.30455	-31615	-467.41
0.31930	-31575	-482.67
0.33454	-31584	-498.28
0.35028	-31584	-514.34
0.36653	-31575	-530.54
0.38330	-31554	-547.12
0.40060	-31540	-563.94
0.41844	-31531	-581.16
0.43683	-31531	-598.54
0.45578	-31511	-616.30
0.47530	-31509	-634.38
0.49539	-31515	-652.69
0.51608	-31506	-671.56
0.53735	-31512	-690.62
0.55924	-31496	-709.60
0.58174	-31501	-729.47
0.60487	-31494	-749.26
0.62863	-31493	-769.53
0.65304	-31483	-790.03
0.67811	-31480	-811.00
0.70384	-31479	-832.21
0.73025	-31481	-853.77
0.75734	-31467	-875.41
0.78513	-31466	-897.46
0.81363	-31463	-919.93
0.84284	-31461	-942.68
0.87278	-31458	-965.85
0.90345	-31461	-989.31
0.93488	-31462	-1013.1
0.96705	-31441	-1037.2
1.0000	-31452	

log marginal likelihood (using generalized stepping stone sampling) from (pathLikelihood.source - pathLikelihood.destination) = -31790.955830471245
PathParameter	MaxPathLikelihood	MLContribution
0.0000	-76277	-0.020445
2.1544e-07	-78920	-0.18651
2.1715e-06	-79157	-0.59423
8.3895e-06	-74712	-1.2714
2.1888e-05	-76480	-2.2641
4.6050e-05	-73059	-3.5751
8.4561e-05	-73649	-5.2139
0.00014136	-74042	-7.0568
0.00022061	-67739	-9.0736
0.00032669	-64584	-11.075
0.00046416	-56091	-13.047
0.00063774	-50103	-14.150
0.00085232	-43121	-14.428
0.0011130	-36998	-13.935
0.0014248	-34313	-15.214
0.0017932	-33463	-15.894
0.0022237	-33999	-17.848
0.0027216	-33288	-20.176
0.0032929	-33261	-22.712
0.0039432	-33158	-25.351
0.0046784	-33103	-28.182
0.0055047	-33123	-31.365
0.0064280	-33113	-34.674
0.0074546	-32998	-38.283
0.0085909	-32899	-42.071
0.0098431	-32932	-46.068
0.011218	-32811	-50.324
0.012722	-32776	-54.746
0.014361	-32637	-59.306
0.016143	-32514	-64.161
0.018075	-32633	-69.219
0.020162	-32580	-74.405
0.022413	-32561	-79.804
0.024834	-32484	-85.534
0.027432	-32508	-91.312
0.030215	-32475	-97.492
0.033190	-32408	-103.80
0.036364	-32375	-110.47
0.039745	-32378	-117.29
0.043339	-32354	-124.42
0.047156	-32344	-131.74
0.051201	-32283	-139.36
0.055484	-32240	-147.14
0.060011	-32228	-155.18
0.064790	-32217	-163.55
0.069830	-32194	-172.02
0.075138	-32147	-180.82
0.080722	-32136	-189.78
0.086591	-32080	-198.97
0.092751	-32088	-208.65
0.099213	-32015	-218.23
0.10598	-32040	-228.13
0.11307	-32016	-238.39
0.12048	-31981	-248.83
0.12823	-31917	-259.40
0.13631	-31931	-270.50
0.14475	-31879	-281.80
0.15355	-31854	-293.34
0.16271	-31794	-305.24
0.17226	-31775	-316.84
0.18218	-31779	-329.45
0.19250	-31733	-341.92
0.20322	-31729	-354.75
0.21436	-31695	-367.80
0.22591	-31719	-381.29
0.23789	-31715	-395.06
0.25031	-31679	-408.71
0.26318	-31649	-422.95
0.27650	-31636	-437.53
0.29029	-31613	-452.35
0.30455	-31590	-467.28
0.31930	-31583	-482.94
0.33454	-31589	-498.45
0.35028	-31585	-514.44
0.36653	-31556	-530.58
0.38330	-31553	-547.37
0.40060	-31535	-563.87
0.41844	-31541	-581.16
0.43683	-31521	-598.62
0.45578	-31532	-616.49
0.47530	-31521	-634.48
0.49539	-31510	-652.88
0.51608	-31505	-671.47
0.53735	-31494	-690.34
0.55924	-31498	-709.63
0.58174	-31495	-729.38
0.60487	-31496	-749.34
0.62863	-31489	-769.53
0.65304	-31478	-789.95
0.67811	-31482	-810.92
0.70384	-31486	-832.31
0.73025	-31480	-853.67
0.75734	-31472	-875.41
0.78513	-31470	-897.65
0.81363	-31468	-919.97
0.84284	-31456	-942.77
0.87278	-31457	-965.80
0.90345	-31455	-989.35
0.93488	-31467	-1013.3
0.96705	-31448	-1037.1
1.0000	-31451	

log marginal likelihood (using generalized stepping stone sampling) from (pathLikelihood.source - pathLikelihood.destination) = -31792.16110171698
