PathParameter	MaxPathLikelihood	MLContribution
0.0000	-34373	-0.0080973
2.1544e-07	-33594	-0.072888
2.1715e-06	-33167	-0.23570
8.3895e-06	-33446	-0.50668
2.1888e-05	-34393	-0.91550
4.6050e-05	-33950	-1.4568
8.4561e-05	-33620	-2.1216
0.00014136	-33650	-2.9917
0.00022061	-33294	-3.9047
0.00032669	-33571	-5.0037
0.00046416	-34217	-6.2849
0.00063774	-33455	-7.6449
0.00085232	-33038	-9.2235
0.0011130	-33097	-11.020
0.0014248	-33208	-13.021
0.0017932	-33248	-14.998
0.0022237	-32862	-17.311
0.0027216	-33091	-19.815
0.0032929	-32857	-22.129
0.0039432	-32862	-25.076
0.0046784	-32727	-27.720
0.0055047	-32774	-30.825
0.0064280	-32517	-34.148
0.0074546	-32670	-37.786
0.0085909	-32600	-41.570
0.0098431	-32672	-45.607
0.011218	-32494	-49.717
0.012722	-32431	-54.120
0.014361	-32420	-58.689
0.016143	-32382	-63.510
0.018075	-32358	-68.388
0.020162	-32374	-73.808
0.022413	-32265	-78.963
0.024834	-32274	-84.563
0.027432	-32192	-90.513
0.030215	-32231	-96.613
0.033190	-32223	-102.99
0.036364	-32126	-109.46
0.039745	-32197	-116.36
0.043339	-32156	-123.44
0.047156	-32102	-130.76
0.051201	-32086	-138.27
0.055484	-32106	-146.18
0.060011	-32065	-154.20
0.064790	-32038	-162.51
0.069830	-32038	-171.02
0.075138	-31975	-179.75
0.080722	-32015	-188.82
0.086591	-32020	-198.14
0.092751	-31994	-207.64
0.099213	-31950	-217.29
0.10598	-31936	-227.44
0.11307	-31926	-237.71
0.12048	-31914	-248.18
0.12823	-31867	-258.90
0.13631	-31842	-269.95
0.14475	-31825	-281.24
0.15355	-31815	-292.71
0.16271	-31794	-304.63
0.17226	-31793	-316.71
0.18218	-31732	-328.85
0.19250	-31742	-341.63
0.20322	-31751	-354.56
0.21436	-31699	-367.72
0.22591	-31713	-381.07
0.23789	-31701	-394.68
0.25031	-31692	-408.77
0.26318	-31637	-422.94
0.27650	-31632	-437.58
0.29029	-31648	-452.51
0.30455	-31623	-467.50
0.31930	-31633	-483.08
0.33454	-31614	-498.69
0.35028	-31610	-514.71
0.36653	-31598	-531.11
0.38330	-31578	-547.52
0.40060	-31596	-564.71
0.41844	-31579	-581.89
0.43683	-31575	-599.33
0.45578	-31565	-617.04
0.47530	-31565	-635.19
0.49539	-31550	-653.56
0.51608	-31560	-672.35
0.53735	-31548	-691.43
0.55924	-31545	-710.57
0.58174	-31542	-730.32
0.60487	-31537	-750.20
0.62863	-31534	-770.60
0.65304	-31543	-791.48
0.67811	-31539	-812.22
0.70384	-31530	-833.37
0.73025	-31522	-854.73
0.75734	-31515	-876.77
0.78513	-31517	-898.84
0.81363	-31515	-921.42
0.84284	-31526	-944.58
0.87278	-31511	-967.33
0.90345	-31514	-990.88
0.93488	-31513	-1014.7
0.96705	-31512	-1038.9
1.0000	-31507	

log marginal likelihood (using generalized stepping stone sampling) from (pathLikelihood.source - pathLikelihood.destination) = -31739.9706938234
PathParameter	MaxPathLikelihood	MLContribution
0.0000	-34544	-0.0081637
2.1544e-07	-34502	-0.073898
2.1715e-06	-34277	-0.23627
8.3895e-06	-34016	-0.50736
2.1888e-05	-33386	-0.89413
4.6050e-05	-34539	-1.4578
8.4561e-05	-34383	-2.1280
0.00014136	-34382	-2.9618
0.00022061	-34411	-3.9146
0.00032669	-32908	-4.9936
0.00046416	-33715	-6.2944
0.00063774	-33535	-7.7211
0.00085232	-33314	-9.2671
0.0011130	-33431	-11.086
0.0014248	-33348	-12.930
0.0017932	-33206	-15.082
0.0022237	-32964	-17.320
0.0027216	-32888	-19.741
0.0032929	-32850	-22.246
0.0039432	-32876	-24.861
0.0046784	-32670	-27.776
0.0055047	-32750	-30.817
0.0064280	-32701	-34.175
0.0074546	-32540	-37.764
0.0085909	-32538	-41.584
0.0098431	-32558	-45.543
0.011218	-32543	-49.750
0.012722	-32335	-53.989
0.014361	-32430	-58.726
0.016143	-32389	-63.399
0.018075	-32348	-68.419
0.020162	-32263	-73.550
0.022413	-32233	-78.946
0.024834	-32217	-84.636
0.027432	-32219	-90.501
0.030215	-32196	-96.490
0.033190	-32165	-102.86
0.036364	-32171	-109.55
0.039745	-32156	-116.36
0.043339	-32119	-123.47
0.047156	-32143	-130.76
0.051201	-32131	-138.34
0.055484	-32069	-146.16
0.060011	-32081	-154.17
0.064790	-32088	-162.46
0.069830	-32053	-171.03
0.075138	-32030	-179.76
0.080722	-31977	-188.77
0.086591	-31994	-198.06
0.092751	-31945	-207.53
0.099213	-31914	-217.36
0.10598	-31922	-227.35
0.11307	-31913	-237.65
0.12048	-31843	-248.10
0.12823	-31859	-258.88
0.13631	-31846	-269.94
0.14475	-31828	-281.08
0.15355	-31855	-292.85
0.16271	-31786	-304.52
0.17226	-31807	-316.75
0.18218	-31757	-328.97
0.19250	-31759	-341.64
0.20322	-31717	-354.51
0.21436	-31722	-367.61
0.22591	-31707	-381.03
0.23789	-31690	-394.73
0.25031	-31677	-408.84
0.26318	-31639	-422.89
0.27650	-31668	-437.71
0.29029	-31618	-452.40
0.30455	-31646	-467.60
0.31930	-31631	-482.93
0.33454	-31630	-498.89
0.35028	-31612	-514.83
0.36653	-31599	-531.13
0.38330	-31584	-547.66
0.40060	-31597	-564.69
0.41844	-31575	-581.68
0.43683	-31589	-599.49
0.45578	-31572	-617.06
0.47530	-31554	-635.07
0.49539	-31555	-653.48
0.51608	-31552	-672.24
0.53735	-31545	-691.32
0.55924	-31552	-710.70
0.58174	-31549	-730.47
0.60487	-31547	-750.45
0.62863	-31538	-770.81
0.65304	-31526	-791.05
0.67811	-31531	-812.09
0.70384	-31531	-833.44
0.73025	-31530	-854.92
0.75734	-31528	-876.76
0.78513	-31519	-898.88
0.81363	-31520	-921.48
0.84284	-31522	-944.33
0.87278	-31518	-967.38
0.90345	-31513	-990.88
0.93488	-31511	-1014.7
0.96705	-31511	-1038.8
1.0000	-31513	

log marginal likelihood (using generalized stepping stone sampling) from (pathLikelihood.source - pathLikelihood.destination) = -31739.089768927875
PathParameter	MaxPathLikelihood	MLContribution
0.0000	-77026	-0.020087
2.1544e-07	-78264	-0.18189
2.1715e-06	-76513	-0.57434
8.3895e-06	-73703	-1.2537
2.1888e-05	-70187	-2.2339
4.6050e-05	-75133	-3.5240
8.4561e-05	-70704	-5.1100
0.00014136	-71266	-7.0332
0.00022061	-67160	-9.0584
0.00032669	-62542	-11.151
0.00046416	-61222	-12.891
0.00063774	-53198	-14.518
0.00085232	-42615	-14.562
0.0011130	-35143	-14.111
0.0014248	-34623	-14.725
0.0017932	-33388	-15.885
0.0022237	-33339	-17.831
0.0027216	-33300	-20.087
0.0032929	-33232	-22.569
0.0039432	-33129	-25.255
0.0046784	-32958	-28.022
0.0055047	-32882	-31.148
0.0064280	-32962	-34.469
0.0074546	-32955	-38.099
0.0085909	-32828	-41.877
0.0098431	-32755	-45.906
0.011218	-32736	-50.157
0.012722	-32687	-54.571
0.014361	-32737	-59.228
0.016143	-32495	-63.956
0.018075	-32524	-69.121
0.020162	-32524	-74.275
0.022413	-32527	-79.703
0.024834	-32473	-85.302
0.027432	-32451	-91.093
0.030215	-32398	-97.264
0.033190	-32402	-103.68
0.036364	-32342	-110.24
0.039745	-32361	-117.19
0.043339	-32312	-124.28
0.047156	-32279	-131.62
0.051201	-32326	-139.25
0.055484	-32222	-147.00
0.060011	-32241	-155.11
0.064790	-32145	-163.34
0.069830	-32177	-171.89
0.075138	-32174	-180.72
0.080722	-32098	-189.70
0.086591	-32061	-198.90
0.092751	-32039	-208.36
0.099213	-32005	-218.13
0.10598	-32023	-228.14
0.11307	-31982	-238.35
0.12048	-31947	-248.82
0.12823	-31949	-259.47
0.13631	-31886	-270.38
0.14475	-31861	-281.55
0.15355	-31833	-293.21
0.16271	-31843	-305.01
0.17226	-31821	-317.03
0.18218	-31739	-329.26
0.19250	-31762	-341.74
0.20322	-31726	-354.58
0.21436	-31725	-367.88
0.22591	-31690	-381.16
0.23789	-31670	-394.80
0.25031	-31678	-408.80
0.26318	-31656	-423.06
0.27650	-31647	-437.49
0.29029	-31603	-452.20
0.30455	-31620	-467.45
0.31930	-31601	-482.89
0.33454	-31605	-498.53
0.35028	-31602	-514.56
0.36653	-31580	-530.76
0.38330	-31568	-547.27
0.40060	-31553	-564.15
0.41844	-31550	-581.34
0.43683	-31560	-599.01
0.45578	-31536	-616.70
0.47530	-31546	-634.97
0.49539	-31536	-653.16
0.51608	-31534	-671.88
0.53735	-31530	-690.89
0.55924	-31528	-710.30
0.58174	-31529	-729.94
0.60487	-31520	-749.84
0.62863	-31518	-770.12
0.65304	-31514	-790.76
0.67811	-31516	-811.71
0.70384	-31512	-832.82
0.73025	-31511	-854.45
0.75734	-31512	-876.28
0.78513	-31509	-898.43
0.81363	-31507	-921.00
0.84284	-31506	-943.91
0.87278	-31504	-967.04
0.90345	-31505	-990.48
0.93488	-31504	-1014.3
0.96705	-31502	-1038.5
1.0000	-31499	

log marginal likelihood (using generalized stepping stone sampling) from (pathLikelihood.source - pathLikelihood.destination) = -31802.594851574606
