PathParameter	MaxPathLikelihood	MLContribution
0.0000	-32599	-0.0071922
2.1544e-07	-32532	-0.065225
2.1715e-06	-32530	-0.20748
8.3895e-06	-32400	-0.45025
2.1888e-05	-32587	-0.80570
4.6050e-05	-32416	-1.2846
8.4561e-05	-32603	-1.8938
0.00014136	-32532	-2.6442
0.00022061	-32286	-3.5402
0.00032669	-32481	-4.5830
0.00046416	-32470	-5.7826
0.00063774	-32408	-7.1470
0.00085232	-32386	-8.6804
0.0011130	-32436	-10.379
0.0014248	-32434	-12.256
0.0017932	-32460	-14.286
0.0022237	-32335	-16.511
0.0027216	-32280	-18.896
0.0032929	-32221	-21.510
0.0039432	-32117	-24.199
0.0046784	-32021	-27.268
0.0055047	-32193	-30.392
0.0064280	-32164	-33.649
0.0074546	-31792	-37.200
0.0085909	-32045	-40.849
0.0098431	-31670	-44.717
0.011218	-31788	-48.903
0.012722	-31796	-53.168
0.014361	-31653	-57.501
0.016143	-31230	-62.101
0.018075	-31547	-66.928
0.020162	-31257	-71.807
0.022413	-31222	-76.902
0.024834	-30666	-81.823
0.027432	-30884	-87.518
0.030215	-30415	-92.790
0.033190	-30503	-98.442
0.036364	-30240	-104.56
0.039745	-30229	-110.68
0.043339	-30059	-116.86
0.047156	-30130	-123.56
0.051201	-30012	-130.37
0.055484	-29771	-136.56
0.060011	-29804	-143.87
0.064790	-29625	-151.18
0.069830	-29558	-158.38
0.075138	-29519	-166.45
0.080722	-29454	-174.54
0.086591	-29420	-182.56
0.092751	-29289	-190.98
0.099213	-29288	-199.98
0.10598	-29259	-208.96
0.11307	-29269	-218.34
0.12048	-29210	-227.54
0.12823	-29121	-237.02
0.13631	-29080	-247.06
0.14475	-29045	-257.04
0.15355	-29083	-267.74
0.16271	-29025	-278.33
0.17226	-28966	-289.07
0.18218	-28942	-300.34
0.19250	-28921	-311.57
0.20322	-28903	-323.35
0.21436	-28884	-335.07
0.22591	-28865	-347.33
0.23789	-28847	-359.51
0.25031	-28812	-372.07
0.26318	-28841	-385.29
0.27650	-28814	-398.43
0.29029	-28779	-411.73
0.30455	-28786	-425.65
0.31930	-28728	-439.27
0.33454	-28734	-453.45
0.35028	-28724	-467.97
0.36653	-28689	-482.68
0.38330	-28685	-497.50
0.40060	-28673	-512.89
0.41844	-28686	-528.58
0.43683	-28653	-544.32
0.45578	-28662	-560.48
0.47530	-28647	-576.81
0.49539	-28649	-593.44
0.51608	-28645	-610.54
0.53735	-28633	-627.69
0.55924	-28634	-645.32
0.58174	-28628	-663.13
0.60487	-28617	-681.17
0.62863	-28614	-699.58
0.65304	-28611	-718.09
0.67811	-28605	-737.07
0.70384	-28603	-756.31
0.73025	-28597	-775.84
0.75734	-28603	-795.67
0.78513	-28597	-815.76
0.81363	-28597	-836.20
0.84284	-28594	-856.82
0.87278	-28580	-877.75
0.90345	-28585	-899.19
0.93488	-28585	-920.61
0.96705	-28576	-942.34
1.0000	-28562	

log marginal likelihood (using generalized stepping stone sampling) from (pathLikelihood.source - pathLikelihood.destination) = -28975.524678991213
PathParameter	MaxPathLikelihood	MLContribution
0.0000	-32649	-0.0071907
2.1544e-07	-32512	-0.065253
2.1715e-06	-32544	-0.20759
8.3895e-06	-32580	-0.45057
2.1888e-05	-32443	-0.80527
4.6050e-05	-32468	-1.2832
8.4561e-05	-32499	-1.8948
0.00014136	-32499	-2.6461
0.00022061	-32616	-3.5375
0.00032669	-32501	-4.5801
0.00046416	-32220	-5.7757
0.00063774	-32597	-7.1441
0.00085232	-32609	-8.6806
0.0011130	-32351	-10.351
0.0014248	-32429	-12.223
0.0017932	-32451	-14.291
0.0022237	-32236	-16.500
0.0027216	-32436	-18.928
0.0032929	-32057	-21.467
0.0039432	-32287	-24.276
0.0046784	-32031	-27.201
0.0055047	-32001	-30.297
0.0064280	-32072	-33.711
0.0074546	-32039	-37.198
0.0085909	-31863	-40.912
0.0098431	-31924	-44.825
0.011218	-31697	-48.877
0.012722	-31682	-53.060
0.014361	-31757	-57.653
0.016143	-31498	-62.188
0.018075	-31309	-66.690
0.020162	-31242	-71.925
0.022413	-30835	-76.775
0.024834	-31004	-82.132
0.027432	-30806	-87.362
0.030215	-30563	-92.611
0.033190	-30619	-98.863
0.036364	-30233	-104.13
0.039745	-30204	-110.84
0.043339	-30234	-116.76
0.047156	-29989	-123.19
0.051201	-29870	-129.72
0.055484	-29879	-136.79
0.060011	-29922	-144.50
0.064790	-29659	-150.95
0.069830	-29536	-158.67
0.075138	-29457	-166.33
0.080722	-29433	-174.23
0.086591	-29320	-182.44
0.092751	-29371	-191.21
0.099213	-29291	-199.61
0.10598	-29294	-208.92
0.11307	-29147	-217.85
0.12048	-29209	-227.52
0.12823	-29145	-236.89
0.13631	-29149	-247.06
0.14475	-29053	-256.99
0.15355	-29067	-267.75
0.16271	-29000	-278.11
0.17226	-28996	-289.07
0.18218	-28961	-300.39
0.19250	-28917	-311.37
0.20322	-28907	-323.38
0.21436	-28886	-334.97
0.22591	-28868	-347.65
0.23789	-28829	-359.54
0.25031	-28833	-372.35
0.26318	-28823	-385.31
0.27650	-28814	-398.66
0.29029	-28775	-411.69
0.30455	-28759	-425.50
0.31930	-28733	-439.13
0.33454	-28722	-453.38
0.35028	-28729	-467.92
0.36653	-28685	-482.58
0.38330	-28707	-497.76
0.40060	-28691	-513.02
0.41844	-28679	-528.44
0.43683	-28666	-544.36
0.45578	-28652	-560.51
0.47530	-28654	-576.84
0.49539	-28645	-593.49
0.51608	-28633	-610.44
0.53735	-28642	-627.67
0.55924	-28635	-645.29
0.58174	-28628	-663.00
0.60487	-28614	-681.10
0.62863	-28616	-699.56
0.65304	-28616	-718.32
0.67811	-28616	-737.27
0.70384	-28598	-756.51
0.73025	-28594	-775.80
0.75734	-28600	-795.65
0.78513	-28593	-815.74
0.81363	-28593	-836.15
0.84284	-28587	-856.83
0.87278	-28584	-877.80
0.90345	-28578	-899.05
0.93488	-28576	-920.55
0.96705	-28583	-942.48
1.0000	-28573	

log marginal likelihood (using generalized stepping stone sampling) from (pathLikelihood.source - pathLikelihood.destination) = -28974.404628201584
