PathParameter	MaxPathLikelihood	MLContribution
0.0000	-79359	-0.020428
2.1544e-07	-76195	-0.18675
2.1715e-06	-76935	-0.58989
8.3895e-06	-76981	-1.2791
2.1888e-05	-68377	-2.2788
4.6050e-05	-75859	-3.6030
8.4561e-05	-75608	-5.2082
0.00014136	-70325	-7.0126
0.00022061	-67197	-9.0844
0.00032669	-60956	-11.200
0.00046416	-56058	-12.974
0.00063774	-50859	-13.896
0.00085232	-45401	-15.019
0.0011130	-38033	-15.141
0.0014248	-34537	-14.630
0.0017932	-33713	-15.752
0.0022237	-33482	-17.745
0.0027216	-33534	-20.106
0.0032929	-33246	-22.670
0.0039432	-33160	-25.395
0.0046784	-33300	-28.277
0.0055047	-33015	-31.361
0.0064280	-33046	-34.700
0.0074546	-33039	-38.342
0.0085909	-33105	-42.087
0.0098431	-32810	-46.039
0.011218	-32862	-50.349
0.012722	-32903	-54.742
0.014361	-32759	-59.305
0.016143	-32668	-64.255
0.018075	-32636	-69.155
0.020162	-32548	-74.542
0.022413	-32593	-79.759
0.024834	-32576	-85.621
0.027432	-32483	-91.381
0.030215	-32399	-97.535
0.033190	-32445	-103.84
0.036364	-32384	-110.49
0.039745	-32323	-117.28
0.043339	-32261	-124.38
0.047156	-32324	-131.87
0.051201	-32268	-139.36
0.055484	-32245	-147.14
0.060011	-32252	-155.20
0.064790	-32265	-163.53
0.069830	-32182	-171.99
0.075138	-32145	-180.75
0.080722	-32159	-189.88
0.086591	-32099	-199.03
0.092751	-32050	-208.45
0.099213	-32013	-218.15
0.10598	-32040	-228.16
0.11307	-31951	-238.43
0.12048	-31959	-248.88
0.12823	-31905	-259.47
0.13631	-31914	-270.54
0.14475	-31900	-281.82
0.15355	-31858	-293.26
0.16271	-31777	-305.03
0.17226	-31804	-316.95
0.18218	-31805	-329.43
0.19250	-31788	-341.97
0.20322	-31764	-354.78
0.21436	-31740	-367.74
0.22591	-31721	-381.26
0.23789	-31693	-394.88
0.25031	-31683	-408.68
0.26318	-31647	-423.03
0.27650	-31610	-437.27
0.29029	-31626	-452.37
0.30455	-31618	-467.41
0.31930	-31598	-482.72
0.33454	-31572	-498.36
0.35028	-31592	-514.47
0.36653	-31560	-530.80
0.38330	-31565	-547.27
0.40060	-31557	-564.19
0.41844	-31546	-581.12
0.43683	-31539	-598.59
0.45578	-31519	-616.31
0.47530	-31521	-634.41
0.49539	-31507	-652.67
0.51608	-31501	-671.36
0.53735	-31505	-690.53
0.55924	-31499	-709.75
0.58174	-31494	-729.32
0.60487	-31491	-749.32
0.62863	-31492	-769.51
0.65304	-31494	-790.31
0.67811	-31483	-810.93
0.70384	-31476	-832.09
0.73025	-31479	-853.66
0.75734	-31471	-875.42
0.78513	-31463	-897.52
0.81363	-31470	-920.12
0.84284	-31467	-942.83
0.87278	-31459	-965.84
0.90345	-31447	-989.21
0.93488	-31451	-1013.1
0.96705	-31355	-1035.5
1.0000	-31391	

log marginal likelihood (using generalized stepping stone sampling) from (pathLikelihood.source - pathLikelihood.destination) = -31791.231012889486
PathParameter	MaxPathLikelihood	MLContribution
0.0000	-75006	-0.020398
2.1544e-07	-79602	-0.18585
2.1715e-06	-71541	-0.58905
8.3895e-06	-79899	-1.2917
2.1888e-05	-70742	-2.2679
4.6050e-05	-76533	-3.5779
8.4561e-05	-77675	-5.2553
0.00014136	-74062	-7.1200
0.00022061	-68310	-9.2231
0.00032669	-62877	-11.134
0.00046416	-55110	-12.925
0.00063774	-48393	-13.772
0.00085232	-41385	-14.725
0.0011130	-36894	-14.795
0.0014248	-34362	-15.305
0.0017932	-33728	-16.099
0.0022237	-33319	-17.686
0.0027216	-33443	-20.083
0.0032929	-33155	-22.601
0.0039432	-33101	-25.199
0.0046784	-33150	-28.202
0.0055047	-33085	-31.376
0.0064280	-32973	-34.658
0.0074546	-32854	-38.262
0.0085909	-32949	-42.022
0.0098431	-32968	-46.069
0.011218	-32850	-50.337
0.012722	-32684	-54.723
0.014361	-32666	-59.317
0.016143	-32740	-64.197
0.018075	-32546	-69.122
0.020162	-32576	-74.373
0.022413	-32544	-79.775
0.024834	-32541	-85.402
0.027432	-32493	-91.481
0.030215	-32475	-97.736
0.033190	-32448	-103.88
0.036364	-32405	-110.41
0.039745	-32338	-117.35
0.043339	-32339	-124.45
0.047156	-32350	-131.72
0.051201	-32302	-139.28
0.055484	-32294	-147.17
0.060011	-32247	-155.21
0.064790	-32215	-163.51
0.069830	-32155	-172.07
0.075138	-32156	-180.79
0.080722	-32130	-189.76
0.086591	-32107	-199.05
0.092751	-32079	-208.41
0.099213	-32067	-218.27
0.10598	-32043	-228.38
0.11307	-31966	-238.41
0.12048	-31959	-248.77
0.12823	-31959	-259.65
0.13631	-31892	-270.65
0.14475	-31888	-281.84
0.15355	-31841	-293.15
0.16271	-31825	-304.95
0.17226	-31827	-317.08
0.18218	-31774	-329.17
0.19250	-31744	-341.97
0.20322	-31729	-354.63
0.21436	-31730	-367.78
0.22591	-31667	-381.13
0.23789	-31685	-394.83
0.25031	-31670	-408.80
0.26318	-31646	-423.01
0.27650	-31635	-437.43
0.29029	-31621	-452.21
0.30455	-31604	-467.39
0.31930	-31605	-482.77
0.33454	-31597	-498.40
0.35028	-31573	-514.25
0.36653	-31549	-530.70
0.38330	-31561	-547.09
0.40060	-31549	-564.04
0.41844	-31514	-580.93
0.43683	-31532	-598.70
0.45578	-31525	-616.32
0.47530	-31516	-634.29
0.49539	-31499	-652.84
0.51608	-31514	-671.48
0.53735	-31507	-690.52
0.55924	-31499	-709.69
0.58174	-31502	-729.37
0.60487	-31489	-749.42
0.62863	-31497	-769.67
0.65304	-31485	-790.08
0.67811	-31487	-811.00
0.70384	-31477	-832.13
0.73025	-31477	-853.67
0.75734	-31468	-875.45
0.78513	-31476	-897.66
0.81363	-31469	-920.20
0.84284	-31473	-942.95
0.87278	-31467	-966.01
0.90345	-31452	-989.23
0.93488	-31440	-1012.9
0.96705	-31428	-1036.9
1.0000	-31442	

log marginal likelihood (using generalized stepping stone sampling) from (pathLikelihood.source - pathLikelihood.destination) = -31792.097692603387
