PathParameter	MaxPathLikelihood	MLContribution
0.0000	-27338	-0.0059586
2.1544e-07	-27357	-0.054142
2.1715e-06	-27419	-0.17204
8.3895e-06	-27357	-0.37339
2.1888e-05	-27329	-0.66831
4.6050e-05	-27360	-1.0652
8.4561e-05	-27380	-1.5715
0.00014136	-27374	-2.1917
0.00022061	-27319	-2.9346
0.00032669	-27342	-3.8037
0.00046416	-27330	-4.8004
0.00063774	-27389	-5.9332
0.00085232	-27379	-7.2066
0.0011130	-27353	-8.6203
0.0014248	-27358	-10.188
0.0017932	-27391	-11.898
0.0022237	-27394	-13.760
0.0027216	-27341	-15.787
0.0032929	-27353	-17.962
0.0039432	-27331	-20.307
0.0046784	-27310	-22.808
0.0055047	-27354	-25.483
0.0064280	-27279	-28.315
0.0074546	-27281	-31.341
0.0085909	-27297	-34.525
0.0098431	-27283	-37.895
0.011218	-27319	-41.434
0.012722	-27244	-45.136
0.014361	-27295	-49.070
0.016143	-27295	-53.132
0.018075	-27237	-57.415
0.020162	-27257	-61.857
0.022413	-27248	-66.505
0.024834	-27231	-71.319
0.027432	-27205	-76.354
0.030215	-27177	-81.558
0.033190	-27169	-86.963
0.036364	-27140	-92.479
0.039745	-27101	-98.279
0.043339	-27131	-104.31
0.047156	-27072	-110.44
0.051201	-27065	-116.83
0.055484	-27032	-123.40
0.060011	-27073	-130.24
0.064790	-26996	-136.99
0.069830	-27041	-144.29
0.075138	-26964	-151.69
0.080722	-26953	-159.18
0.086591	-26947	-166.99
0.092751	-26964	-174.99
0.099213	-26956	-183.34
0.10598	-26927	-191.71
0.11307	-26910	-200.39
0.12048	-26894	-209.17
0.12823	-26894	-218.43
0.13631	-26876	-227.64
0.14475	-26854	-237.20
0.15355	-26870	-247.16
0.16271	-26856	-257.12
0.17226	-26826	-267.33
0.18218	-26830	-277.80
0.19250	-26831	-288.42
0.20322	-26819	-299.41
0.21436	-26797	-310.69
0.22591	-26793	-322.04
0.23789	-26801	-333.62
0.25031	-26788	-345.57
0.26318	-26764	-357.49
0.27650	-26749	-369.88
0.29029	-26755	-382.45
0.30455	-26755	-395.41
0.31930	-26749	-408.40
0.33454	-26745	-421.73
0.35028	-26748	-435.52
0.36653	-26735	-449.12
0.38330	-26736	-463.27
0.40060	-26734	-477.70
0.41844	-26735	-492.25
0.43683	-26732	-507.13
0.45578	-26733	-522.32
0.47530	-26729	-537.66
0.49539	-26727	-553.34
0.51608	-26717	-569.26
0.53735	-26723	-585.44
0.55924	-26722	-601.83
0.58174	-26722	-618.58
0.60487	-26718	-635.57
0.62863	-26720	-652.79
0.65304	-26719	-670.27
0.67811	-26705	-688.06
0.70384	-26718	-706.07
0.73025	-26713	-724.34
0.75734	-26715	-742.92
0.78513	-26707	-761.79
0.81363	-26711	-780.86
0.84284	-26709	-800.23
0.87278	-26697	-819.90
0.90345	-26702	-839.82
0.93488	-26710	-860.02
0.96705	-26702	-880.48
1.0000	-26554	

log marginal likelihood (using generalized stepping stone sampling) from (pathLikelihood.source - pathLikelihood.destination) = -26839.419489245243
PathParameter	MaxPathLikelihood	MLContribution
0.0000	-27620	-0.0081504
2.1544e-07	-27590	-0.058586
2.1715e-06	-27516	-0.17883
8.3895e-06	-27514	-0.38405
2.1888e-05	-27578	-0.68807
4.6050e-05	-27592	-1.0947
8.4561e-05	-27565	-1.6069
0.00014136	-27483	-2.2456
0.00022061	-27562	-3.0031
0.00032669	-27572	-3.8875
0.00046416	-27550	-4.9012
0.00063774	-27522	-6.0519
0.00085232	-27487	-7.3417
0.0011130	-27551	-8.7684
0.0014248	-27538	-10.346
0.0017932	-27560	-12.077
0.0022237	-27552	-13.946
0.0027216	-27555	-15.997
0.0032929	-27480	-18.207
0.0039432	-27481	-20.539
0.0046784	-27472	-23.046
0.0055047	-27478	-25.744
0.0064280	-27453	-28.597
0.0074546	-27479	-31.611
0.0085909	-27451	-34.793
0.0098431	-27466	-38.186
0.011218	-27458	-41.733
0.012722	-27449	-45.445
0.014361	-27358	-49.367
0.016143	-27386	-53.460
0.018075	-27421	-57.747
0.020162	-27363	-62.194
0.022413	-27341	-66.863
0.024834	-27364	-71.698
0.027432	-27315	-76.715
0.030215	-27303	-81.925
0.033190	-27203	-87.331
0.036364	-27235	-92.917
0.039745	-27203	-98.758
0.043339	-27210	-104.72
0.047156	-27210	-110.89
0.051201	-27166	-117.25
0.055484	-27152	-123.81
0.060011	-27021	-130.53
0.064790	-27099	-137.54
0.069830	-27063	-144.61
0.075138	-27028	-152.02
0.080722	-26964	-159.51
0.086591	-26958	-167.35
0.092751	-26965	-175.25
0.099213	-26968	-183.61
0.10598	-26925	-191.92
0.11307	-26919	-200.64
0.12048	-26895	-209.55
0.12823	-26890	-218.53
0.13631	-26922	-228.08
0.14475	-26887	-237.53
0.15355	-26856	-247.24
0.16271	-26855	-257.26
0.17226	-26842	-267.49
0.18218	-26844	-277.95
0.19250	-26816	-288.55
0.20322	-26811	-299.53
0.21436	-26794	-310.51
0.22591	-26784	-321.91
0.23789	-26787	-333.55
0.25031	-26763	-345.38
0.26318	-26750	-357.51
0.27650	-26759	-369.93
0.29029	-26750	-382.40
0.30455	-26745	-395.27
0.31930	-26738	-408.17
0.33454	-26741	-421.72
0.35028	-26732	-435.29
0.36653	-26725	-449.16
0.38330	-26720	-463.15
0.40060	-26724	-477.47
0.41844	-26719	-492.14
0.43683	-26720	-507.02
0.45578	-26722	-522.10
0.47530	-26716	-537.50
0.49539	-26712	-553.20
0.51608	-26713	-569.07
0.53735	-26716	-585.27
0.55924	-26716	-601.67
0.58174	-26696	-618.32
0.60487	-26707	-635.31
0.62863	-26711	-652.59
0.65304	-26710	-670.06
0.67811	-26707	-687.76
0.70384	-26699	-705.79
0.73025	-26694	-724.07
0.75734	-26693	-742.60
0.78513	-26694	-761.43
0.81363	-26699	-780.57
0.84284	-26669	-799.80
0.87278	-26699	-819.58
0.90345	-26684	-839.37
0.93488	-26676	-859.56
0.96705	-26584	-878.64
1.0000	-26562	

log marginal likelihood (using generalized stepping stone sampling) from (pathLikelihood.source - pathLikelihood.destination) = -26845.623794714524
PathParameter	MaxPathLikelihood	MLContribution
0.0000	-27985	-0.076308
2.1544e-07	-27831	-0.091503
2.1715e-06	-27956	-0.21836
8.3895e-06	-27743	-0.44508
2.1888e-05	-28055	-0.78010
4.6050e-05	-27900	-1.2169
8.4561e-05	-27842	-1.7856
0.00014136	-27896	-2.4604
0.00022061	-27951	-3.2879
0.00032669	-27876	-4.2244
0.00046416	-27895	-5.2830
0.00063774	-27638	-6.4423
0.00085232	-27688	-7.7441
0.0011130	-27798	-9.1864
0.0014248	-27801	-10.714
0.0017932	-27680	-12.430
0.0022237	-27717	-14.291
0.0027216	-27608	-16.300
0.0032929	-27586	-18.466
0.0039432	-27578	-20.760
0.0046784	-27564	-23.274
0.0055047	-27591	-25.946
0.0064280	-27511	-28.786
0.0074546	-27445	-31.772
0.0085909	-27526	-34.966
0.0098431	-27527	-38.349
0.011218	-27391	-41.874
0.012722	-27489	-45.590
0.014361	-27453	-49.502
0.016143	-27354	-53.598
0.018075	-27426	-57.879
0.020162	-27348	-62.271
0.022413	-27378	-66.989
0.024834	-27334	-71.830
0.027432	-27301	-76.815
0.030215	-27306	-82.028
0.033190	-27244	-87.459
0.036364	-27277	-93.037
0.039745	-27240	-98.847
0.043339	-27205	-104.82
0.047156	-27138	-110.98
0.051201	-27219	-117.43
0.055484	-27108	-123.95
0.060011	-27145	-130.70
0.064790	-27132	-137.65
0.069830	-27075	-144.67
0.075138	-27067	-152.15
0.080722	-27031	-159.66
0.086591	-27060	-167.48
0.092751	-26980	-175.37
0.099213	-26995	-183.77
0.10598	-26923	-192.07
0.11307	-26931	-200.66
0.12048	-26933	-209.53
0.12823	-26909	-218.66
0.13631	-26899	-227.94
0.14475	-26847	-237.50
0.15355	-26872	-247.47
0.16271	-26868	-257.35
0.17226	-26854	-267.49
0.18218	-26834	-278.00
0.19250	-26832	-288.62
0.20322	-26824	-299.52
0.21436	-26814	-310.69
0.22591	-26793	-322.03
0.23789	-26784	-333.65
0.25031	-26782	-345.61
0.26318	-26766	-357.66
0.27650	-26762	-370.04
0.29029	-26766	-382.67
0.30455	-26744	-395.35
0.31930	-26752	-408.39
0.33454	-26740	-421.74
0.35028	-26738	-435.31
0.36653	-26736	-449.18
0.38330	-26736	-463.32
0.40060	-26726	-477.59
0.41844	-26726	-492.18
0.43683	-26728	-507.20
0.45578	-26720	-522.13
0.47530	-26720	-537.57
0.49539	-26719	-553.30
0.51608	-26717	-569.13
0.53735	-26714	-585.36
0.55924	-26709	-601.69
0.58174	-26710	-618.37
0.60487	-26711	-635.37
0.62863	-26712	-652.58
0.65304	-26708	-670.08
0.67811	-26691	-687.80
0.70384	-26698	-705.80
0.73025	-26696	-724.06
0.75734	-26676	-742.35
0.78513	-26682	-761.46
0.81363	-26672	-780.53
0.84284	-26653	-799.44
0.87278	-26628	-818.94
0.90345	-26628	-838.42
0.93488	-26578	-857.07
0.96705	-26420	-873.02
1.0000	-26403	

log marginal likelihood (using generalized stepping stone sampling) from (pathLikelihood.source - pathLikelihood.destination) = -26847.561523372355
