PathParameter	MaxPathLikelihood	MLContribution
0.0000	-33640	-0.0084508
2.1544e-07	-34092	-0.076110
2.1715e-06	-34569	-0.24345
8.3895e-06	-34134	-0.52222
2.1888e-05	-34422	-0.93247
4.6050e-05	-34246	-1.4815
8.4561e-05	-34465	-2.2097
0.00014136	-34143	-3.0061
0.00022061	-34539	-4.0572
0.00032669	-34298	-5.1151
0.00046416	-33489	-6.4189
0.00063774	-33466	-7.9297
0.00085232	-33613	-9.3836
0.0011130	-33371	-11.054
0.0014248	-33343	-13.039
0.0017932	-33237	-15.068
0.0022237	-33068	-17.423
0.0027216	-33130	-19.816
0.0032929	-33070	-22.485
0.0039432	-32901	-25.084
0.0046784	-32797	-28.032
0.0055047	-32838	-31.029
0.0064280	-32850	-34.496
0.0074546	-32651	-37.945
0.0085909	-32623	-41.709
0.0098431	-32718	-45.702
0.011218	-32644	-49.896
0.012722	-32573	-54.214
0.014361	-32356	-58.723
0.016143	-32431	-63.527
0.018075	-32415	-68.548
0.020162	-32376	-73.761
0.022413	-32263	-79.215
0.024834	-32270	-84.662
0.027432	-32268	-90.623
0.030215	-32249	-96.698
0.033190	-32224	-103.17
0.036364	-32181	-109.75
0.039745	-32181	-116.52
0.043339	-32168	-123.71
0.047156	-32072	-130.95
0.051201	-32157	-138.58
0.055484	-32113	-146.29
0.060011	-32114	-154.37
0.064790	-32091	-162.64
0.069830	-32042	-171.18
0.075138	-32032	-179.93
0.080722	-32039	-189.01
0.086591	-31991	-198.17
0.092751	-31966	-207.58
0.099213	-31968	-217.51
0.10598	-31937	-227.30
0.11307	-31919	-237.74
0.12048	-31912	-248.29
0.12823	-31863	-258.91
0.13631	-31847	-269.94
0.14475	-31814	-281.36
0.15355	-31783	-292.79
0.16271	-31795	-304.52
0.17226	-31782	-316.52
0.18218	-31758	-328.87
0.19250	-31763	-341.68
0.20322	-31723	-354.40
0.21436	-31720	-367.63
0.22591	-31727	-381.13
0.23789	-31671	-394.68
0.25031	-31680	-408.69
0.26318	-31663	-422.99
0.27650	-31638	-437.50
0.29029	-31624	-452.30
0.30455	-31607	-467.35
0.31930	-31600	-482.90
0.33454	-31592	-498.44
0.35028	-31582	-514.51
0.36653	-31571	-530.72
0.38330	-31567	-547.26
0.40060	-31566	-564.20
0.41844	-31547	-581.11
0.43683	-31552	-598.85
0.45578	-31539	-616.47
0.47530	-31531	-634.80
0.49539	-31529	-653.04
0.51608	-31519	-671.74
0.53735	-31513	-690.55
0.55924	-31506	-709.88
0.58174	-31510	-729.61
0.60487	-31498	-749.50
0.62863	-31500	-769.89
0.65304	-31494	-790.50
0.67811	-31488	-811.22
0.70384	-31480	-832.42
0.73025	-31485	-853.86
0.75734	-31484	-875.71
0.78513	-31476	-897.82
0.81363	-31476	-920.17
0.84284	-31475	-943.04
0.87278	-31471	-966.13
0.90345	-31463	-989.64
0.93488	-31468	-1013.4
0.96705	-31460	-1037.4
1.0000	-31447	

log marginal likelihood (using generalized stepping stone sampling) from (pathLikelihood.source - pathLikelihood.destination) = -31722.835627678858
PathParameter	MaxPathLikelihood	MLContribution
0.0000	-34511	-0.0082888
2.1544e-07	-34427	-0.075372
2.1715e-06	-34058	-0.24029
8.3895e-06	-34152	-0.52418
2.1888e-05	-34189	-0.95290
4.6050e-05	-34433	-1.4965
8.4561e-05	-34116	-2.1920
0.00014136	-34317	-3.0201
0.00022061	-33828	-3.9830
0.00032669	-34027	-5.0956
0.00046416	-33419	-6.4184
0.00063774	-34115	-7.8055
0.00085232	-33747	-9.3416
0.0011130	-33266	-11.081
0.0014248	-33252	-12.999
0.0017932	-33062	-15.113
0.0022237	-33056	-17.352
0.0027216	-33177	-19.862
0.0032929	-33068	-22.242
0.0039432	-32754	-24.954
0.0046784	-32895	-28.191
0.0055047	-32745	-31.020
0.0064280	-32854	-34.396
0.0074546	-32605	-37.886
0.0085909	-32528	-41.687
0.0098431	-32548	-45.663
0.011218	-32545	-49.851
0.012722	-32474	-54.244
0.014361	-32534	-58.797
0.016143	-32433	-63.455
0.018075	-32384	-68.478
0.020162	-32397	-73.726
0.022413	-32362	-79.347
0.024834	-32295	-84.665
0.027432	-32286	-90.647
0.030215	-32250	-96.835
0.033190	-32228	-103.18
0.036364	-32202	-109.65
0.039745	-32175	-116.47
0.043339	-32163	-123.64
0.047156	-32158	-130.93
0.051201	-32173	-138.61
0.055484	-32123	-146.35
0.060011	-32032	-154.38
0.064790	-32080	-162.59
0.069830	-32049	-171.18
0.075138	-32031	-179.95
0.080722	-32004	-188.92
0.086591	-32008	-198.25
0.092751	-31946	-207.69
0.099213	-31949	-217.32
0.10598	-31942	-227.45
0.11307	-31937	-237.70
0.12048	-31892	-248.13
0.12823	-31894	-259.00
0.13631	-31837	-269.92
0.14475	-31838	-281.30
0.15355	-31810	-292.63
0.16271	-31782	-304.68
0.17226	-31786	-316.74
0.18218	-31750	-329.06
0.19250	-31728	-341.43
0.20322	-31745	-354.61
0.21436	-31682	-367.61
0.22591	-31695	-381.01
0.23789	-31694	-394.76
0.25031	-31648	-408.62
0.26318	-31650	-422.92
0.27650	-31654	-437.52
0.29029	-31648	-452.49
0.30455	-31617	-467.40
0.31930	-31600	-482.61
0.33454	-31589	-498.39
0.35028	-31586	-514.45
0.36653	-31579	-530.76
0.38330	-31563	-547.17
0.40060	-31569	-564.20
0.41844	-31550	-581.31
0.43683	-31549	-598.76
0.45578	-31549	-616.71
0.47530	-31536	-634.69
0.49539	-31517	-652.92
0.51608	-31518	-671.54
0.53735	-31525	-690.83
0.55924	-31508	-709.90
0.58174	-31505	-729.46
0.60487	-31497	-749.33
0.62863	-31498	-769.71
0.65304	-31490	-790.26
0.67811	-31487	-811.20
0.70384	-31478	-832.42
0.73025	-31486	-853.82
0.75734	-31485	-875.73
0.78513	-31487	-897.93
0.81363	-31476	-920.44
0.84284	-31470	-943.08
0.87278	-31476	-966.24
0.90345	-31474	-989.69
0.93488	-31471	-1013.3
0.96705	-31469	-1037.5
1.0000	-31468	

log marginal likelihood (using generalized stepping stone sampling) from (pathLikelihood.source - pathLikelihood.destination) = -31722.083932517984
PathParameter	MaxPathLikelihood	MLContribution
0.0000	-34666	-0.0083832
2.1544e-07	-33938	-0.076676
2.1715e-06	-33510	-0.23999
8.3895e-06	-34335	-0.51505
2.1888e-05	-34496	-0.93401
4.6050e-05	-33570	-1.4836
8.4561e-05	-33202	-2.1599
0.00014136	-34058	-3.0478
0.00022061	-33691	-3.9397
0.00032669	-33943	-5.1849
0.00046416	-33390	-6.3582
0.00063774	-33744	-7.7930
0.00085232	-33485	-9.3030
0.0011130	-33301	-11.026
0.0014248	-33336	-12.980
0.0017932	-33221	-15.100
0.0022237	-33242	-17.412
0.0027216	-33146	-19.802
0.0032929	-32913	-22.395
0.0039432	-32929	-25.021
0.0046784	-32897	-27.964
0.0055047	-32760	-30.942
0.0064280	-32685	-34.317
0.0074546	-32692	-37.949
0.0085909	-32541	-41.653
0.0098431	-32582	-45.705
0.011218	-32588	-49.872
0.012722	-32453	-54.222
0.014361	-32420	-58.695
0.016143	-32469	-63.556
0.018075	-32325	-68.469
0.020162	-32343	-73.727
0.022413	-32344	-79.153
0.024834	-32266	-84.862
0.027432	-32260	-90.626
0.030215	-32244	-96.688
0.033190	-32213	-103.06
0.036364	-32170	-109.79
0.039745	-32216	-116.55
0.043339	-32196	-123.65
0.047156	-32179	-130.97
0.051201	-32149	-138.47
0.055484	-32094	-146.27
0.060011	-32068	-154.39
0.064790	-32085	-162.67
0.069830	-32069	-171.17
0.075138	-32062	-179.98
0.080722	-32066	-189.05
0.086591	-32028	-198.25
0.092751	-32013	-207.77
0.099213	-31915	-217.57
0.10598	-31938	-227.43
0.11307	-31877	-237.70
0.12048	-31867	-248.30
0.12823	-31863	-258.96
0.13631	-31829	-269.93
0.14475	-31825	-281.21
0.15355	-31773	-292.81
0.16271	-31814	-304.70
0.17226	-31734	-316.67
0.18218	-31758	-328.92
0.19250	-31744	-341.62
0.20322	-31739	-354.37
0.21436	-31710	-367.64
0.22591	-31668	-380.85
0.23789	-31677	-394.61
0.25031	-31677	-408.73
0.26318	-31673	-422.96
0.27650	-31647	-437.50
0.29029	-31615	-452.07
0.30455	-31606	-467.48
0.31930	-31620	-482.90
0.33454	-31583	-498.27
0.35028	-31579	-514.43
0.36653	-31580	-530.66
0.38330	-31539	-547.42
0.40060	-31556	-564.24
0.41844	-31559	-581.47
0.43683	-31537	-599.04
0.45578	-31533	-616.71
0.47530	-31541	-634.75
0.49539	-31514	-653.14
0.51608	-31514	-671.69
0.53735	-31506	-690.57
0.55924	-31500	-710.07
0.58174	-31503	-729.60
0.60487	-31496	-749.50
0.62863	-31494	-769.71
0.65304	-31486	-790.29
0.67811	-31479	-811.10
0.70384	-31489	-832.38
0.73025	-31481	-853.79
0.75734	-31483	-875.67
0.78513	-31478	-897.78
0.81363	-31478	-920.38
0.84284	-31470	-943.02
0.87278	-31471	-966.18
0.90345	-31466	-989.58
0.93488	-31459	-1013.4
0.96705	-31464	-1037.5
1.0000	-31463	

log marginal likelihood (using generalized stepping stone sampling) from (pathLikelihood.source - pathLikelihood.destination) = -31722.45957981672
