# BEAST v1.10.4 Prerelease #bc6cbd9
# Generated Mon Dec 09 15:47:27 AEDT 2019 [seed=1575866844623]
# -overwrite ebola_liberia_sc_het.xml
state	joint	prior	likelihood	treeModel.rootHeight	age(root)	treeLength	exponential.popSize	exponential.growthRate	alpha	clock.rate	meanRate	treeLikelihood	branchRates	coalescent
0	-61667.79581380871	-258.1145033716014	-61409.68131043711	2.5480581826069435	2013.358204953163	23.733726574663823	1.0	0.0	0.5	0.25	0.25	-61409.68131043711	0.0	-241.37236704999614
5000	-38899.564040517194	-479.0241339389487	-38420.53990657825	1.9777938295796698	2013.9284693061902	28.782262488827303	3.208586947797628	0.1358016972478362	0.03478544335796626	0.0025963736525915003	0.0025963736525915	-38420.53990657825	0.0	-471.31540878730704
10000	-38304.13037073922	-505.98919940961076	-37798.14117132961	1.8127416417442603	2014.0935214940257	29.934937331013387	2.316035173461905	-0.11553949749473946	0.04420378599797366	0.002440208147233227	0.0024402081472332305	-37798.14117132961	0.0	-498.33424039789475
15000	-37774.580988056456	-530.1959146408436	-37244.385073415615	1.9612638287287658	2013.9449993070411	31.37373292353541	4.2372038241882715	0.2954210533819879	0.02426721405426501	0.002000673277041568	0.0020006732770415686	-37244.385073415615	0.0	-522.5339790545099
20000	-37442.676599671744	-558.1905673095994	-36884.48603236215	1.9342156362295762	2013.9720474995404	33.31463216510472	4.593925209897283	0.19574595290824592	0.013095688085531368	0.0018444911018335721	0.0018444911018335728	-36884.48603236215	0.0	-550.722619375762
25000	-37234.54944540133	-594.7011812917202	-36639.84826410961	2.135315680814399	2013.7709474549556	36.7127884728843	5.355429815881841	0.22890834754616884	0.013101840615218732	0.0016835335157754964	0.0016835335157754962	-36639.84826410961	0.0	-587.2939108735521
30000	-36952.6720644629	-596.5614592528009	-36356.1106052101	2.131836211621009	2013.7744269241489	37.2866437921678	6.950740390045801	0.43344091452397615	0.033540450852692354	0.0015277209883239817	0.0015277209883239815	-36356.1106052101	0.0	-588.96992062869
35000	-36622.35967282255	-587.4541843077235	-36034.90548851483	1.9410426924934656	2013.9652204432764	36.3540262920808	9.21419086732369	0.6080912426671912	0.0373657671516508	0.001607329333563174	0.0016073293335631743	-36034.90548851483	0.0	-579.6407892074877
40000	-36454.52311977905	-587.6466366725355	-35866.87648310651	2.1407911668630915	2013.765471968907	36.57133854359334	8.278014836253313	0.5712241056336262	0.026912838356701267	0.001499847192017407	0.0014998471920174056	-35866.87648310651	0.0	-579.9321907236201
45000	-36177.34799395885	-594.2398182729207	-35583.10817568593	2.0847811168623123	2013.8214820189075	37.19004578587326	16.11189268421435	1.1017841786871294	0.00981024036930185	0.0014273159776897427	0.0014273159776897427	-35583.10817568593	0.0	-586.0638804781806
50000	-36039.35310240818	-596.9383361945048	-35442.414766213675	1.9692985759335375	2013.9369645598363	37.56983074830925	17.28393475468201	1.1161092859401474	0.026446805385531028	0.0013076980943301612	0.0013076980943301606	-35442.414766213675	0.0	-588.7675841654519
55000	-35729.58720182633	-610.4658428833475	-35119.12135894298	2.2625515342036526	2013.6437116015663	40.28401375164089	24.042387681867663	1.3932116810129453	0.004862425710477538	0.0011610048557653108	0.0011610048557653104	-35119.12135894298	0.0	-602.1578176350919
60000	-35501.55213391791	-610.3715105882442	-34891.18062332967	2.3970272576382636	2013.5092358781317	40.09506054397782	35.24769063180103	1.6031031644637044	0.008354961128864337	0.001170608559552375	0.0011706085595523765	-34891.18062332967	0.0	-601.8398613343127
65000	-35372.82389361786	-604.4280365714391	-34768.395857046424	2.1748584605683843	2013.7314046752015	39.49999758304863	27.139033248887205	1.385896635940592	0.006840406872628937	0.001175279311514751	0.0011752793115147504	-34768.395857046424	0.0	-596.1077488227853
70000	-35158.46309972648	-584.5915494219996	-34573.87155030448	2.3859959338334273	2013.5202672019366	39.26506259080223	20.549610227509948	1.265295304020938	0.002966736119848977	0.0011813892758767118	0.0011813892758767122	-34573.87155030448	0.0	-576.3941370736356
75000	-35047.54857938739	-594.8284617399039	-34452.720117647485	2.2794683745302287	2013.6267947612396	39.43267788784954	15.494800327078288	1.0482232680665309	0.0047973494309686	0.0011071003612110556	0.0011071003612110567	-34452.720117647485	0.0	-586.8818453998546
80000	-34902.40153051583	-608.1029733520438	-34294.29855716379	2.390817931666398	2013.5154452041036	40.032717300495364	12.802121294869439	0.8057570932305096	0.03346827823035961	0.0010264468473158766	0.0010264468473158777	-34294.29855716379	0.0	-600.3894443946173
85000	-34875.59248295482	-607.215431121907	-34268.37705183291	2.2385732301183134	2013.6676899056515	40.299595956479145	14.683781657874908	0.9921225167362691	0.032590074794128294	0.0010348979857902267	0.0010348979857902254	-34268.37705183291	0.0	-599.3158821714908
90000	-34818.44409263761	-590.9927375360344	-34227.45135510158	2.2870069262573267	2013.6192562095125	39.089096244380166	14.124826488977956	1.0053751949443646	0.04271742484690359	0.001075821609849915	0.001075821609849915	-34227.45135510158	0.0	-583.0247000311778
95000	-34691.63196595183	-586.963204017547	-34104.66876193428	2.3586360735473613	2013.5476270622225	39.970514593174634	15.174749781612565	1.052582694427184	0.03146540248054475	0.0010412921435404962	0.0010412921435404975	-34104.66876193428	0.0	-578.9983448491773
100000	-34567.373530409954	-590.9307553985273	-33976.44277501143	2.490388789500879	2013.415874346269	40.2826770415444	14.707317340231047	1.0346911166623574	0.01779883898629316	9.865618510256713E-4	9.865618510256724E-4	-33976.44277501143	0.0	-583.0438908021488
105000	-34517.8706515732	-574.7783162360578	-33943.09233533714	2.420444223153172	2013.4858189126167	38.59112221811762	12.057938217722743	0.9357333587707775	0.010689423454543141	9.461519534615299E-4	9.46151953461531E-4	-33943.09233533714	0.0	-567.0073447925099
110000	-34485.02158922474	-568.5928892830268	-33916.428699941716	2.4184305569623574	2013.4878325788075	37.118040808479975	9.142609553902114	0.6815516806036144	0.009495366848211432	0.0010838912559561012	0.0010838912559561027	-33916.428699941716	0.0	-560.9873835273573
115000	-34455.79358159194	-570.7228908962157	-33885.07069069573	2.4658778971017012	2013.4403852386681	37.83156412702684	13.694976175875283	0.9236269096616669	0.05715907450535382	0.001045843477865358	0.0010458434778653567	-33885.07069069573	0.0	-562.8079902589408
120000	-34335.07980595363	-567.5302360146271	-33767.549569939	2.292171700784944	2013.6140914349849	38.10772895363216	20.350041589763944	1.3699490853032341	0.03387229476935222	9.552562067304531E-4	9.552562067304549E-4	-33767.549569939	0.0	-559.2676198345778
125000	-34261.36097869298	-564.2731348930791	-33697.087843799905	2.2917937727589184	2013.614469363011	38.05227395824865	28.66310105443416	1.651175865859729	0.03592532268673297	9.82532380413028E-4	9.825323804130291E-4	-33697.087843799905	0.0	-555.7093128028861
130000	-34156.15564383412	-558.9526081379161	-33597.203035696206	2.4144555360866584	2013.4918075996832	37.777019090521456	27.992826685804967	1.5823283668622228	0.05474551153431525	9.622785255991328E-4	9.622785255991338E-4	-33597.203035696206	0.0	-550.4278201869663
135000	-34081.52775086132	-561.1062345407648	-33520.42151632056	2.572571528151812	2013.333691607618	38.489141142812	21.778531441524112	1.441083208902588	0.03758966898407232	9.409005214764453E-4	9.409005214764436E-4	-33520.42151632056	0.0	-552.7777739942192
140000	-34021.20316687506	-557.1433924177262	-33464.05977445733	2.5890637347454954	2013.3171994010245	38.03105273310757	22.603075663774337	1.3836586019246941	0.05432657159966561	9.784245065350141E-4	9.784245065350145E-4	-33464.05977445733	0.0	-548.8123386847323
145000	-34015.115571864495	-559.7107369054577	-33455.40483495904	2.203955422894573	2013.7023077128754	38.269781287335014	22.329759102387648	1.4881830541314855	0.03196095602702091	8.888664468382646E-4	8.888664468382641E-4	-33455.40483495904	0.0	-551.3742135826305
150000	-33966.64304460168	-565.863730157201	-33400.77931444448	2.6466407455774643	2013.2596223901924	39.23041846595757	25.548917670105148	1.5577267137209332	0.0145750664035426	9.524548673298444E-4	9.524548673298449E-4	-33400.77931444448	0.0	-557.4669023419067
155000	-33928.3980752233	-576.0558070518836	-33352.342268171415	2.250034510239849	2013.65622862553	39.305385005152516	57.5985297620945	2.109764769885645	0.024521193544595553	9.26229484717162E-4	9.262294847171618E-4	-33352.342268171415	0.0	-567.1026027266635
160000	-33880.69085256426	-548.5440216903517	-33332.146830873906	2.352787075067266	2013.5534760607027	37.35165486215936	39.83092588761691	1.965689310437112	0.05973928800338062	9.548239413261657E-4	9.548239413261658E-4	-33332.146830873906	0.0	-539.624681235751
165000	-33804.958784033064	-542.4024713716859	-33262.55631266138	2.2891765923341376	2013.6170865434358	36.741758649119774	34.69246648044236	1.876669956806051	0.0401702065920983	9.060375371828426E-4	9.060375371828412E-4	-33262.55631266138	0.0	-533.6317061401659
170000	-33761.66935261615	-538.2045562676093	-33223.46479634854	2.257771236760627	2013.6484918990093	36.04242872501916	30.478498565310854	1.800748539802963	0.04741443391794799	9.283571456417313E-4	9.283571456417302E-4	-33223.46479634854	0.0	-529.4733188529347
175000	-33718.827968838166	-531.4036233055241	-33187.42434553264	2.495418174934122	2013.4108449608357	36.02518563923221	30.710346378921162	1.7912770153275464	0.04183821023446056	9.277967360995538E-4	9.277967360995534E-4	-33187.42434553264	0.0	-522.6931063979683
180000	-33745.33344504888	-541.70352656857	-33203.62991848031	2.374244336657319	2013.5320187991126	36.13752726575681	34.474967385305376	1.7985606842039088	0.04768520579175944	9.068857890625532E-4	9.068857890625527E-4	-33203.62991848031	0.0	-532.9876006549312
185000	-33705.40859912246	-550.7949489581446	-33154.61365016431	2.325228998991073	2013.5810341367787	37.12519147684215	36.58834781375161	1.9233085076187275	0.06273810622969689	9.216412035652225E-4	9.216412035652218E-4	-33154.61365016431	0.0	-541.9281169980626
190000	-33684.71205643764	-559.4556522894061	-33125.25640414823	2.379564480667842	2013.526698655102	37.74287302253003	35.380262688684056	1.8592161045326199	0.04789709625314906	9.017274276547079E-4	9.017274276547062E-4	-33125.25640414823	0.0	-550.7019614650386
195000	-33678.45242375247	-555.5473290720903	-33122.905094680376	2.4910324517480142	2013.415230684022	37.849871166958856	30.9508827454901	1.7459742385118449	0.05645697359007042	9.475178886096512E-4	9.475178886096516E-4	-33122.905094680376	0.0	-546.8646236984171
200000	-33686.323490864525	-558.0147897914964	-33128.30870107303	2.541149708934345	2013.3651134268355	38.36400460436258	26.97415925939066	1.674727615432476	0.031018550188521544	8.978055200718232E-4	8.978055200718226E-4	-33128.30870107303	0.0	-549.4893598726424
205000	-33674.09555179087	-556.4666677875182	-33117.62888400335	2.389602133158328	2013.5166610026115	38.273250831290966	35.72018206723666	1.8174992777528842	0.03270811479262924	8.417797311290967E-4	8.417797311290971E-4	-33117.62888400335	0.0	-547.82825873388
210000	-33654.50443306313	-530.4535988129401	-33124.050834250185	2.3222504195245484	2013.5840127162453	36.40529904193801	50.88995442232714	2.2011262640492735	0.011152590914169359	9.220051963626331E-4	9.220051963626331E-4	-33124.050834250185	0.0	-521.4026392050313
215000	-33659.16676422245	-542.2666518573127	-33116.90011236514	2.5705602701540764	2013.3357028656158	37.58517322069146	60.816457118576956	2.2380944057105934	0.003561902408408193	9.131863251101673E-4	9.131863251101686E-4	-33116.90011236514	0.0	-533.2138029388702
220000	-33628.30025001019	-541.9644565364747	-33086.335793473714	2.409123573954618	2013.4971395618152	37.349600012708144	43.78773472165573	2.052902123263205	0.00467661328842782	9.610007560525588E-4	9.610007560525595E-4	-33086.335793473714	0.0	-533.0645086898609
225000	-33526.704543463326	-532.4575908643529	-32994.24695259897	2.3242341846924224	2013.5820289510775	36.65307372608159	37.85151906084151	1.986201148208196	0.017132389947339007	8.518324606855167E-4	8.518324606855168E-4	-32994.24695259897	0.0	-523.6550427275365
230000	-33523.98119687359	-540.7120894510538	-32983.26910742254	2.3335340630820784	2013.572729072688	37.276046938864184	19.51500148743559	1.4121810689142533	0.050283132832035296	8.622376659416565E-4	8.622376659416565E-4	-32983.26910742254	0.0	-532.4188810258187
235000	-33508.10817292682	-554.5416303047526	-32953.566542622066	3.014421855009328	2012.8918412807607	39.66398658846019	15.351104848424214	1.1811269014056127	0.05419810699663262	8.828136301993894E-4	8.828136301993896E-4	-32953.566542622066	0.0	-546.488067402997
240000	-33495.173711313735	-558.7586222490444	-32936.41508906469	2.3216623814612025	2013.5846007543087	39.198581665602475	25.850358359184987	1.5815382642622047	0.049924087580571465	7.874175690641155E-4	7.874175690641156E-4	-32936.41508906469	0.0	-550.3685174618121
245000	-33487.008989794966	-551.8170205093452	-32935.19196928562	2.6868358828470145	2013.219427252923	38.61886628384861	23.730562671814432	1.515436973638115	0.0823622348063161	8.312197783254592E-4	8.312197783254591E-4	-32935.19196928562	0.0	-543.3924092093379
250000	-33486.72251427687	-536.6146717732382	-32950.10784250363	2.4483157324080715	2013.457947403362	36.819172755449024	18.838272201798404	1.4203361086936965	0.05279584800902426	9.534667947899573E-4	9.534667947899572E-4	-32950.10784250363	0.0	-528.2488716524731
255000	-33482.51916142201	-545.1229655007467	-32937.39619592126	2.520074407751495	2013.3861887280184	37.24855504059096	16.663640397352022	1.2860193565364022	0.06876989501122943	9.249204033894785E-4	9.249204033894784E-4	-32937.39619592126	0.0	-536.8812053752262
260000	-33474.59570456087	-560.3808700261952	-32914.21483453467	2.5017540731750367	2013.4045090625948	38.096764502334	22.728082890479513	1.5049521153036893	0.12561592236199107	8.273294943978452E-4	8.273294943978457E-4	-32914.21483453467	0.0	-551.8763682397097
265000	-33462.102069216184	-551.7074638207667	-32910.39460539542	2.44837394651046	2013.4578891892595	37.85486201488594	42.40191738122919	1.9922074794782458	0.05472086609016372	8.352995433632323E-4	8.352995433632321E-4	-32910.39460539542	0.0	-542.8492198277596
270000	-33456.89294432858	-545.830476792221	-32911.06246753636	2.4457170028418354	2013.4605461329281	37.67199817604815	47.74688594400262	2.0903265679750835	0.02704533573778638	8.250772806980212E-4	8.250772806980207E-4	-32911.06246753636	0.0	-536.9336846496972
275000	-33491.38902015232	-552.7832100859874	-32938.60581006633	2.2850997186562667	2013.6211634171136	37.66334957095481	53.40484295774915	2.1935731952913846	0.0576033461238794	8.127686389458214E-4	8.127686389458217E-4	-32938.60581006633	0.0	-543.7298699165341
280000	-33461.397347426035	-558.2241170150522	-32903.17323041098	2.4206374119388125	2013.4856257238312	38.32560195927201	83.19467347991056	2.485610231438959	0.03448135577987383	8.267885799060539E-4	8.267885799060554E-4	-32903.17323041098	0.0	-548.9237743844109
285000	-33476.441280470826	-562.9321739838367	-32913.50910648699	2.4617752012658247	2013.444487934504	39.367460048667496	77.06953530355977	2.399914631359478	0.05418561019534342	8.690610345689541E-4	8.690610345689541E-4	-32913.50910648699	0.0	-553.6641326971609
290000	-33462.844993793056	-557.1861053967856	-32905.65888839627	2.349513648632318	2013.5567494871375	38.193356611613915	49.00144057096362	2.012006945227837	0.007617234466358296	8.915927028310629E-4	8.915927028310622E-4	-32905.65888839627	0.0	-548.3716120076018
295000	-33450.8498763918	-553.3951121687553	-32897.45476422305	2.417813377449511	2013.4884497583205	37.97109085443979	31.959206838042103	1.718144836190294	0.00695822638583792	8.673700233018377E-4	8.673700233018379E-4	-32897.45476422305	0.0	-544.8879408886934
300000	-33439.80495500444	-530.5179923097286	-32909.28696269471	2.2720415653484864	2013.6342215704215	36.809410989472084	19.76338961055045	1.5387596818214866	0.009255000708484338	9.058468290210789E-4	9.058468290210793E-4	-32909.28696269471	0.0	-522.1480878339844
305000	-33428.18080272016	-530.0751557013	-32898.10564701886	2.643938235610506	2013.2623249001595	37.90597437505297	24.45584833104171	1.629970264437894	0.007154680380222966	8.416666932879019E-4	8.41666693287902E-4	-32898.10564701886	0.0	-521.6710545177184
310000	-33428.051187570854	-537.0305468143755	-32891.02064075648	2.3005705083620858	2013.6056926274077	36.82046323201589	28.216144389388425	1.6486448241205158	0.005663477125182905	8.492523430714843E-4	8.492523430714844E-4	-32891.02064075648	0.0	-528.5923365763304
315000	-33417.858571828634	-540.020357802964	-32877.83821402567	2.741338147759568	2013.1649249880104	38.22954294868458	19.893730195970246	1.4407052836723477	0.01297075118092997	9.067489227886174E-4	9.067489227886186E-4	-32877.83821402567	0.0	-531.7581838549189
320000	-33427.36531173447	-542.7783569977455	-32884.586954736726	2.7598185909362516	2013.1464445448337	38.235771955359915	21.17078753960434	1.4592112212468165	0.005477873324061977	8.30409491010661E-4	8.304094910106609E-4	-32884.586954736726	0.0	-534.5596181322746
325000	-33410.26155256346	-538.5478001645553	-32871.71375239891	2.8044591550879687	2013.101803980682	37.45204205810259	25.205878047338732	1.5415780461348658	0.005393618173014659	8.657596429387852E-4	8.657596429387846E-4	-32871.71375239891	0.0	-530.2149501851292
330000	-33400.26478987352	-535.8992471865507	-32864.365542686974	2.854799319970129	2013.0514638157997	37.57986992970568	16.424630347371906	1.2280819937841847	0.020382180408712685	8.073677238660958E-4	8.073677238660958E-4	-32864.365542686974	0.0	-527.8887053329938
335000	-33405.40512523295	-533.2522652008587	-32872.152860032096	2.933968364857332	2012.9722947709126	38.210165901529734	18.23439099920033	1.4431032268853872	0.054593801990495794	8.22942908942797E-4	8.229429089427969E-4	-32872.152860032096	0.0	-524.955919499334
340000	-33415.702101408126	-547.1344041936927	-32868.567697214436	2.7040746651799896	2013.2021884705898	38.1528610153082	18.61419031654615	1.251472684651964	0.059521499380271334	8.145956916321193E-4	8.145956916321195E-4	-32868.567697214436	0.0	-539.0245425045201
345000	-33405.792437667966	-538.6394787503368	-32867.15295891763	2.4031031121801303	2013.5031600235898	38.1957614436926	13.307542407551246	1.1350349282075298	0.05624892476286502	8.205011901749232E-4	8.205011901749223E-4	-32867.15295891763	0.0	-530.649342696257
350000	-33397.82107732071	-550.2653040833152	-32847.55577323739	2.6687457672050154	2013.2375173685648	39.142288331683474	14.307410040646824	1.178623468372142	0.015528349721149911	8.344126715422707E-4	8.344126715422707E-4	-32847.55577323739	0.0	-542.315522558907
355000	-33407.641981231216	-550.1061474039577	-32857.535833827256	2.4479243177582934	2013.4583388180115	37.853467593395216	18.897452181596897	1.3781436348332188	0.02364349769738992	8.73417040140654E-4	8.734170401406534E-4	-32857.535833827256	0.0	-541.9005855260796
360000	-33401.046415261226	-546.2594107561189	-32854.78700450511	2.7651647777359933	2013.141098358034	38.43369138119929	14.635738104283694	1.1417738581001613	0.02553448762714952	7.916122262066398E-4	7.9161222620664E-4	-32854.78700450511	0.0	-538.345893254536
365000	-33410.32964688356	-549.8871911240858	-32860.442455759476	2.789653715125864	2013.116609420644	38.25532673895104	18.57226199118459	1.3102329704125655	0.04018590710750131	8.167141281195353E-4	8.167141281195351E-4	-32860.442455759476	0.0	-541.7571186633522
370000	-33395.9004112514	-536.0261506949138	-32859.874260556484	3.088754743244466	2012.8175083925255	38.04117870062341	11.791802158316196	1.063273223641199	0.014934847533973863	8.265453426185495E-4	8.265453426185504E-4	-32859.874260556484	0.0	-528.1846191933279
375000	-33375.88212313399	-544.242640773538	-32831.63948236045	2.484773901942189	2013.4214892338277	38.16900578312935	16.870036197541076	1.2182946264109187	0.020324311271246117	8.443121191362313E-4	8.443121191362303E-4	-32831.63948236045	0.0	-536.2255179330156
380000	-33359.40554574815	-541.1036858273976	-32818.30185992076	2.4779886546741947	2013.4282744810957	37.53683332676491	20.3531021108933	1.4278604975201103	0.01966844214261995	8.559694610570162E-4	8.559694610570167E-4	-32818.30185992076	0.0	-532.8631633895711
385000	-33343.15136531381	-527.1807168064161	-32815.97064850739	2.370385593433769	2013.535877542336	36.368418660502044	15.381247702796136	1.2157224929001724	0.020806405646126472	9.009776059072625E-4	9.00977605907263E-4	-32815.97064850739	0.0	-519.1080356181872
390000	-33342.87066038903	-526.1402141960264	-32816.730446193	2.512127666779937	2013.39413546899	36.291813513985446	10.742614903904219	0.9750229144383891	0.09786395850161173	8.628371265310583E-4	8.628371265310593E-4	-32816.730446193	0.0	-518.1761900099099
395000	-33330.89444086579	-504.49872636989284	-32826.3957144959	2.3947321441982132	2013.5115309915716	34.78702707290405	7.754809176518357	0.861568518195601	0.061516876978202725	8.819286932426183E-4	8.819286932426189E-4	-32826.3957144959	0.0	-496.6893984063901
400000	-33313.59954217383	-524.207441719303	-32789.392100454534	2.392893226110406	2013.5133699096596	36.258874098496086	9.57480540749398	0.9529879628957778	0.06750292493144953	8.502649416255458E-4	8.502649416255452E-4	-32789.392100454534	0.0	-516.333555458675
405000	-33321.14433369984	-521.8541075624521	-32799.29022613739	2.7648488980077346	2013.141414237762	36.56551169520272	10.283028732593149	0.9171459122913579	0.06119914212969197	8.149862147807745E-4	8.149862147807747E-4	-32799.29022613739	0.0	-514.0550921657601
410000	-33323.726226529405	-529.0001785168816	-32794.726048012526	2.7342573308554936	2013.1720058049143	37.13115956867785	10.51142976137733	0.927028783433004	0.06512205416337734	8.332679433563303E-4	8.332679433563303E-4	-32794.726048012526	0.0	-521.1788758002198
415000	-33304.74303021262	-540.7240872354719	-32764.018942977153	2.5591324943993294	2013.3471306413705	38.098089403518124	12.999793203747995	1.0980711030691248	0.04277955828954711	8.385714129073589E-4	8.385714129073607E-4	-32764.018942977153	0.0	-532.7850761147787
420000	-33287.15166554979	-566.415623080247	-32720.736042469543	2.845311149788957	2013.0609519859809	40.215783293208546	14.536844967745921	1.0780021186818518	0.020429781448857393	8.622223070744202E-4	8.622223070744211E-4	-32720.736042469543	0.0	-558.5517791576399
425000	-33271.9815095687	-547.6126611248743	-32724.368848443824	2.464628441642647	2013.4416346941273	38.0436972439988	19.61728606742979	1.3474706303939616	0.01762204752160666	7.622328696306274E-4	7.622328696306271E-4	-32724.368848443824	0.0	-539.5244585983281
430000	-33276.16795035337	-537.9333354277135	-32738.234614925655	2.9239986476941366	2012.9822644880758	38.701492159349215	28.47027791531643	1.6452721712465275	0.01738950756944536	8.387512912959557E-4	8.387512912959547E-4	-32738.234614925655	0.0	-529.5049854473975
435000	-33274.000298069	-537.4337630330131	-32736.566535035985	2.8531069998748135	2013.053156135895	38.554115100292236	18.129048757887656	1.3756681835673303	0.015581734945237714	7.720732947134663E-4	7.720732947134653E-4	-32736.566535035985	0.0	-529.3209400347678
440000	-33243.66668204986	-541.7193816335814	-32701.94730041628	2.402461273562159	2013.5038018622076	37.41044905117127	27.577628756564284	1.6221562291492984	0.024273531671049915	8.103502991234252E-4	8.103502991234252E-4	-32701.94730041628	0.0	-533.3027935821023
445000	-33252.09922546204	-537.4923571356522	-32714.60686832639	2.4243768492497524	2013.4818862865202	37.67235514127398	21.954292981864665	1.497022892704128	0.07431370882455159	8.174429808309423E-4	8.174429808309421E-4	-32714.60686832639	0.0	-529.0995298451713
450000	-33267.5675063307	-533.6790654032181	-32733.888440927483	3.0886778508040504	2012.8175852849658	38.869914012136725	19.295026024535535	1.466300825137199	0.01624185331089215	7.542053604158791E-4	7.542053604158789E-4	-32733.888440927483	0.0	-525.4905148150161
455000	-33268.738784235844	-557.1036193875251	-32711.635164848318	2.6159415123827894	2013.2903216233872	38.34469123615341	26.82391000039382	1.5498469063163887	0.06400163530337742	7.988718132179582E-4	7.988718132179583E-4	-32711.635164848318	0.0	-548.6990411446102
460000	-33266.86116920761	-550.0337939245323	-32716.82737528308	2.586962480134735	2013.319300655635	38.46665054690529	20.47032082001441	1.428053230685816	0.03668926415451232	8.298344892960224E-4	8.298344892960226E-4	-32716.82737528308	0.0	-541.7869840680802
465000	-33266.47007376236	-551.4721929555125	-32714.997880806844	2.575661288130558	2013.3306018476394	38.913378398370114	31.298576138334465	1.7981734254426374	0.04114496338087696	8.027300892541594E-4	8.027300892541592E-4	-32714.997880806844	0.0	-542.8693043387816
470000	-33255.68449750357	-558.2193687932319	-32697.46512871034	2.468363063030795	2013.437900072739	38.1400266358631	28.778945893493354	1.77333225985422	0.06986219975162823	7.466536125168894E-4	7.466536125168901E-4	-32697.46512871034	0.0	-549.6128432897198
475000	-33249.03438914476	-548.1263372311021	-32700.908051913662	2.35630253807097	2013.5499605976988	37.63108858362457	31.331010953742005	1.842507943620271	0.08528470592835485	8.225685706181782E-4	8.225685706181776E-4	-32700.908051913662	0.0	-539.3621566284168
480000	-33263.29543818037	-557.8477671224566	-32705.44767105792	2.2969803912927786	2013.609282744477	37.47650306648439	36.705455086156896	1.842085400210277	0.05624928246169807	7.958682841125704E-4	7.958682841125706E-4	-32705.44767105792	0.0	-549.1575948395622
485000	-33239.17868486341	-552.0758910405601	-32687.10279382285	2.4772169036044343	2013.4290462321655	37.605307238052504	28.49186571928725	1.6826494659393323	0.05503009794965317	8.363657019535145E-4	8.363657019535151E-4	-32687.10279382285	0.0	-543.5229491571872
490000	-33249.32234839462	-545.4466864776738	-32703.875661916947	2.627090360582672	2013.2791727751871	37.94551770879722	24.802240222427145	1.5816727611962105	0.04702926770143711	8.131313684792597E-4	8.131313684792593E-4	-32703.875661916947	0.0	-537.0299466915714
495000	-33246.51151526833	-552.218838019409	-32694.29267724892	2.493899286633049	2013.412363849137	37.43454410010833	19.936257875868836	1.4585768718269034	0.013198897422470738	8.717846950665493E-4	8.717846950665491E-4	-32694.29267724892	0.0	-543.9495197151803
500000	-33247.62011608776	-539.4366083860256	-32708.18350770174	2.9104482262162112	2012.9958149095537	37.37790827808422	17.220072922861693	1.2546679874024886	0.044218182373150096	8.246433695807463E-4	8.246433695807451E-4	-32708.18350770174	0.0	-531.3380376742978
505000	-33259.24885956344	-550.4432266856342	-32708.80563287781	2.5474015793804203	2013.3588615563895	37.398368107772974	16.958318589777925	1.2142766290917821	0.09896092421911294	8.096825453641622E-4	8.096825453641627E-4	-32708.80563287781	0.0	-542.2855350993563
510000	-33250.71364819837	-546.4040934977326	-32704.309554700634	2.3217665669936176	2013.5844965687763	37.164526527315886	10.54302007723283	0.9059266972542362	0.05144386369097868	8.021503070460666E-4	8.021503070460666E-4	-32704.309554700634	0.0	-538.6518563340153
515000	-33257.77811210253	-567.6239357144506	-32690.154176388085	2.622573561601251	2013.2836895741686	39.31434666656094	27.610985431335617	1.6385013092217535	0.014984541669165637	7.695739376779141E-4	7.695739376779134E-4	-32690.154176388085	0.0	-559.2602750232493
520000	-33290.50874484956	-581.4913692865124	-32709.017375563046	2.729985281733826	2013.176277854036	40.73907052100735	43.45797402081394	1.870560424403999	0.030011136880470073	7.875805580989953E-4	7.875805580989949E-4	-32709.017375563046	0.0	-572.8698425468941
525000	-33283.772287872256	-599.8216693047029	-32683.950618567553	2.9157680942507858	2012.9904950415191	42.336147770769365	41.341134813856165	1.6947856502729521	0.04690239006491013	7.187833447032887E-4	7.187833447032873E-4	-32683.950618567553	0.0	-591.4087404634978
530000	-33294.121958181866	-596.037103482282	-32698.084854699584	3.199799928483614	2012.7064632072863	43.35586348046968	41.51403877374541	1.7903867883231754	0.0367424587958477	7.351059379818505E-4	7.35105937981849E-4	-32698.084854699584	0.0	-587.5481240198914
535000	-33286.795269561066	-594.3199205923347	-32692.475348968732	2.6801744397564757	2013.2260886960134	41.82387371987309	51.90671417661871	1.9051429242622886	0.013476466566295524	7.247108551440119E-4	7.247108551440122E-4	-32692.475348968732	0.0	-585.7533076052579
540000	-33269.14443854086	-581.6360640428219	-32687.50837449804	2.800657378165097	2013.1056057576047	40.145954230058116	50.00570180543706	2.0055113709214925	0.06012459720420692	7.702848671777098E-4	7.702848671777097E-4	-32687.50837449804	0.0	-572.8242251031185
545000	-33277.26032313258	-580.1074927987697	-32697.15283033381	2.754911181969077	2013.151351953801	40.86751053015498	51.48598559818278	2.0475484806275253	0.03425863914949147	8.099807039667833E-4	8.099807039667844E-4	-32697.15283033381	0.0	-571.2869376354813
550000	-33264.005496126985	-575.4057807002171	-32688.599715426768	2.7819069925973254	2013.1243561431727	40.73589992133002	53.848005218419964	2.058080478688398	0.06507136825536941	7.269876643412007E-4	7.269876643412008E-4	-32688.599715426768	0.0	-566.568969507382
555000	-33269.27477214655	-582.0968018507954	-32687.177970295754	2.588159726031981	2013.318103409738	41.729307101399606	32.34354419115735	1.6926256908840314	0.04173660081863165	7.407301661707475E-4	7.407301661707477E-4	-32687.177970295754	0.0	-573.6737178770354
560000	-33277.87611548329	-593.5843368178772	-32684.29177866541	2.7456316963492453	2013.1606314394207	42.499015492325256	24.59602967192231	1.4536300819830457	0.05531364774085138	7.124198665159848E-4	7.124198665159864E-4	-32684.29177866541	0.0	-585.4024279447724
565000	-33233.241980356644	-599.7580780414471	-32633.483902315198	2.759335591984091	2013.1469275437858	42.941618817581826	29.9103651632573	1.5424609678662802	0.02997963955346366	6.826863812592601E-4	6.826863812592598E-4	-32633.483902315198	0.0	-591.5654108612605
570000	-33208.92854991846	-585.5550854516138	-32623.373464466848	2.46939168635267	2013.4368714494171	40.81245135258399	32.65171769505662	1.5906757610496534	0.10639530412162533	7.568783377085396E-4	7.5687833770854E-4	-32623.373464466848	0.0	-577.0827597213596
575000	-33227.32000224701	-591.731025550445	-32635.588976696567	2.6021736624511633	2013.3040894733188	41.70788812547259	19.21705030594945	1.2297962390718737	0.06219560158968203	7.040929569863199E-4	7.040929569863203E-4	-32635.588976696567	0.0	-583.7566345214992
580000	-33213.544510608495	-571.4964687110855	-32642.048041897408	2.6199017776317417	2013.2863613581383	39.82221532741024	18.998617567526328	1.3136713574878174	0.07764879305715738	7.523456274525412E-4	7.523456274525421E-4	-32642.048041897408	0.0	-563.3504291334734
585000	-33213.898680209866	-570.7541466672764	-32643.14453354259	2.6827145059655297	2013.2235486298043	40.64192104897681	12.285452277779509	0.9007944945453152	0.01402102596477137	7.511592291524824E-4	7.511592291524831E-4	-32643.14453354259	0.0	-563.1587147932548
590000	-33231.922678957264	-563.4886052048098	-32668.434073752454	2.7259844496812318	2013.1802786860887	40.008000425789085	11.980351277908413	0.9842498738811015	0.048666442123926075	7.854889659156513E-4	7.854889659156513E-4	-32668.434073752454	0.0	-555.7093281885699
595000	-33204.79422207416	-578.0132133898886	-32626.781008684273	2.6534495347658895	2013.252813601004	39.96067622625059	18.89348574098881	1.2505616494164924	0.059971211315564814	7.680067040586125E-4	7.680067040586126E-4	-32626.781008684273	0.0	-569.9563438937728
600000	-33223.462222706556	-584.8692911044782	-32638.592931602074	2.5627355502359834	2013.3435275855338	41.822225057322	19.4701789005013	1.1341293497816054	0.0945642625602604	7.442681621001709E-4	7.442681621001708E-4	-32638.592931602074	0.0	-576.8976896959773
605000	-33252.99818554074	-601.9898161304194	-32651.008369410316	2.7039870684709566	2013.202276067299	43.755976881902285	19.05926341403135	1.1722683061356287	0.09675853531329975	7.344429235457529E-4	7.344429235457534E-4	-32651.008369410316	0.0	-594.0039267311492
610000	-33248.99594769455	-597.8996291926501	-32651.0963185019	2.7069172280817764	2013.1993459076882	42.54749619557487	18.861127907455508	1.2297911387856144	0.022257574331298557	7.363364977605011E-4	7.363364977605012E-4	-32651.0963185019	0.0	-589.9907367892741
615000	-33240.84613967215	-596.2693280690696	-32644.576811603078	2.708661662206597	2013.1976014735633	42.25284665088427	25.823792881040596	1.4377475935358728	0.032780929826734556	7.198419265831872E-4	7.198419265831868E-4	-32644.576811603078	0.0	-588.1401299217085
620000	-33241.29213156691	-596.8484319153047	-32644.443699651605	2.615027379240934	2013.291235756529	40.93504088639034	21.70952933826479	1.2480555665929072	0.1218035722187037	7.602253921645392E-4	7.602253921645384E-4	-32644.443699651605	0.0	-588.687082864413
625000	-33221.403374679125	-581.0470785508727	-32640.356296128255	2.619025943129646	2013.2872371926403	40.59108370270377	11.301263982821611	0.8751669740733832	0.08585185323606817	7.365751146597153E-4	7.365751146597161E-4	-32640.356296128255	0.0	-573.3434299515915
630000	-33228.65437492974	-580.2512338365113	-32648.403141093233	2.9519971685594015	2012.9542659672104	42.2133816586428	9.66768763523243	0.6925577083215931	0.03127283225093916	7.651659333712983E-4	7.651659333712992E-4	-32648.403141093233	0.0	-572.837520693841
635000	-33221.00666233714	-593.4472831968611	-32627.55937914028	2.67255646875135	2013.2337066670186	42.636430118155154	20.751939422866162	1.2527930396179001	0.10137689094665304	7.472774289901477E-4	7.472774289901482E-4	-32627.55937914028	0.0	-585.3502687591002
640000	-33256.575467472314	-591.8624078192289	-32664.713059653084	2.446331162761313	2013.4599319730087	42.671989479989605	45.21691163470678	1.905754648885871	0.08369276782028756	7.045165288843208E-4	7.0451652888432E-4	-32664.713059653084	0.0	-583.1792326787644
645000	-33229.01232922699	-588.105984147101	-32640.90634507989	2.4291818119658712	2013.477081323804	42.722480895058425	28.606482356715922	1.5764273002464129	0.03287438473839587	7.002880669504771E-4	7.002880669504766E-4	-32640.90634507989	0.0	-579.8576855859642
650000	-33247.165735139315	-595.1091478317956	-32652.056587307517	2.863076750634883	2013.043186385135	42.81966145552436	37.557418614565904	1.6313501649835136	0.07098533460040626	7.652083190239828E-4	7.652083190239831E-4	-32652.056587307517	0.0	-586.6835749672101
655000	-33211.54945478754	-594.3581834047473	-32617.1912713828	2.698785289035	2013.207477846735	41.883444979045684	35.44313195907004	1.7516120254639556	0.06267612417467364	7.285053625427295E-4	7.285053625427292E-4	-32617.1912713828	0.0	-585.8447650835789
660000	-33252.22066202724	-605.2564392545002	-32646.96422277274	2.4356634229536884	2013.4705997128162	43.757158139302405	49.020295221460756	1.8846565521625365	0.03844432140776844	6.938125148446418E-4	6.938125148446415E-4	-32646.96422277274	0.0	-596.7047361845089
665000	-33236.71074845755	-591.5308997389043	-32645.179848718646	2.6205032691775108	2013.2857598665923	42.14248787491985	40.32721219958022	1.866792095495554	0.08474798631109781	7.092822044548827E-4	7.09282204454882E-4	-32645.179848718646	0.0	-582.8751838360346
670000	-33247.80686574891	-607.2138740637263	-32640.59299168519	2.4726686046940696	2013.4335945310759	43.4703667210846	64.86812208002613	2.07092922457532	0.051616253131647326	6.599563708666206E-4	6.599563708666213E-4	-32640.59299168519	0.0	-598.4727928538359
675000	-33245.30970201285	-602.0730044144531	-32643.236697598393	2.7187611038778066	2013.187502031892	43.16022532717702	63.45037287004447	2.04685024819631	0.08484101968514386	7.093957574805174E-4	7.093957574805169E-4	-32643.236697598393	0.0	-593.2479377131313
680000	-33261.86074724635	-628.3112790723245	-32633.54946817402	2.5970495827250963	2013.3092135530449	44.76444957343162	133.31099616641743	2.530427805133347	0.058392377033324644	6.396673505137012E-4	6.396673505137003E-4	-32633.54946817402	0.0	-619.1267969232501
685000	-33265.349370819466	-629.0774911515039	-32636.27187966796	2.3284971229224025	2013.5777660128474	44.84439427927661	106.2524804036934	2.3577648252888577	0.014356953389737312	7.209412532085765E-4	7.209412532085761E-4	-32636.27187966796	0.0	-620.0914050609828
690000	-33288.003645537785	-654.2298129520999	-32633.773832585688	2.9786006589672462	2012.9276624768027	49.327230623070115	87.743654821796	2.166023887368481	0.03260541675028355	6.530789110986226E-4	6.530789110986221E-4	-32633.773832585688	0.0	-645.4963402456845
695000	-33289.376279285905	-648.6310348282243	-32640.74524445768	2.558518491842471	2013.3477446439274	47.91617216632677	69.3020125173042	2.012828903324043	0.02574979691222435	6.268377156037775E-4	6.268377156037776E-4	-32640.74524445768	0.0	-640.0728252134503
700000	-33283.15795532604	-656.5172574553769	-32626.64069787066	2.9434767949783285	2012.9627863407916	49.97417405038693	59.208475230910054	1.8664717435509501	0.04472275646799576	6.426944161897228E-4	6.426944161897225E-4	-32626.64069787066	0.0	-648.0740133569725
705000	-33298.762841398144	-665.4315715766907	-32633.331269821454	2.710093604803833	2013.196169530966	50.032294906196036	100.94155901344928	2.219165314751869	0.02979269587160347	5.876108900563893E-4	5.876108900563885E-4	-32633.331269821454	0.0	-656.7131786632671
710000	-33314.45173193681	-686.0948841224094	-32628.3568478144	3.1157547661819094	2012.790508369588	51.66514714217935	91.36389598719593	1.9849729811312231	0.06813277325190625	5.994759762097408E-4	5.9947597620974E-4	-32628.3568478144	0.0	-677.5385885709171
715000	-33329.51765769271	-681.4610906251323	-32648.05656706758	2.5598261277688636	2013.346437008001	51.12154458652722	105.06170635991164	2.255013604297107	0.020511300157331606	6.002968941775762E-4	6.002968941775757E-4	-32648.05656706758	0.0	-672.7241714041484
720000	-33311.80978703852	-685.8275173538747	-32625.982269684642	3.3673549976170536	2012.538908138153	52.687955578900834	108.29737066816786	2.196694506742189	0.056669568896885514	5.853091196860843E-4	5.853091196860837E-4	-32625.982269684642	0.0	-677.1041502484042
725000	-33323.247883133554	-681.5909934783784	-32641.656889655173	2.8343701852320358	2013.0718929505379	52.28145836370957	47.76514034571962	1.5998403488380282	0.024285753811746337	5.574137379693563E-4	5.574137379693572E-4	-32641.656889655173	0.0	-673.552093449656
730000	-33312.976819297655	-672.0739177849697	-32640.902901512687	3.0645719873989603	2012.841691148371	52.69375165954996	40.95691822789631	1.4955604842394306	0.014750379530397614	5.98274517794028E-4	5.982745177940283E-4	-32640.902901512687	0.0	-664.1246101025763
735000	-33288.98830499916	-655.3684628281474	-32633.619842171014	2.827697590610572	2013.0785655451593	49.23625160602992	30.423705318428485	1.2927997072451423	0.02891658561530934	6.061987387345663E-4	6.061987387345667E-4	-32633.619842171014	0.0	-647.5548547748065
740000	-33279.27868154091	-642.8752033381924	-32636.40347820272	3.0496904155084064	2012.8565727202615	48.98517360717979	20.797010653441152	1.0532263131691229	0.007556980101828321	6.205299195229387E-4	6.20529919522939E-4	-32636.40347820272	0.0	-635.3291951254685
745000	-33278.67223488151	-633.7762450882483	-32644.895989793262	3.0844465009961515	2012.8218166347738	47.36862470154061	28.469127903811998	1.3396278409992464	0.020364070242327077	6.094266996999369E-4	6.094266996999367E-4	-32644.895989793262	0.0	-625.9119222843206
750000	-33254.00578323236	-618.332680890788	-32635.67310234157	2.7300747342278697	2013.176188401542	44.78671718648769	61.263091476518326	2.0332091359173887	0.011071237283355228	6.545360181199062E-4	6.545360181199056E-4	-32635.67310234157	0.0	-609.7288594953277
755000	-33264.80399277747	-624.4634992517487	-32640.340493525724	2.6451600966150135	2013.261103039155	45.41378715438996	168.46520526173524	2.7345552557897332	0.054385613590645615	6.532032924933315E-4	6.532032924933328E-4	-32640.340493525724	0.0	-615.0782522220877
760000	-33284.11680467921	-632.4479241249567	-32651.668880554254	2.5923985335836264	2013.3138646021862	46.95408510822585	83.00826375136832	2.196085643565577	0.005029815582999811	6.515018633361333E-4	6.515018633361337E-4	-32651.668880554254	0.0	-623.717767942245
765000	-33270.75231745134	-643.0055897382086	-32627.74672771313	2.7357847197455487	2013.1704784160243	47.45152834040636	93.69977654249882	2.2199685269807254	0.0700254205506604	6.067232376854002E-4	6.067232376854E-4	-32627.74672771313	0.0	-634.1641262975725
770000	-33309.83555795862	-674.4244968445889	-32635.411061114035	2.6559594731887586	2013.2503036625812	51.05785793631902	109.61460835394496	2.2038372305883858	0.04275396174465124	6.359772648384533E-4	6.359772648384523E-4	-32635.411061114035	0.0	-665.6629471004109
775000	-33291.788886791175	-648.1773387157078	-32643.61154807547	2.739263647510752	2013.166999488259	48.48000403809814	71.81657491355055	1.9953614365176073	0.08719627350364317	6.070961751699495E-4	6.070961751699492E-4	-32643.61154807547	0.0	-639.5361315140598
780000	-33286.82097720661	-652.2316029228526	-32634.58937428376	3.1950564247944038	2012.7112067109756	50.428891201959644	60.73946645350923	1.8435149218280829	0.05030491097551125	6.500169741702376E-4	6.500169741702373E-4	-32634.58937428376	0.0	-643.7983389063953
785000	-33292.95484687967	-643.3000762177525	-32649.65477066192	2.440044867746134	2013.4662182680238	47.90681416176665	125.96513183808896	2.4872101798312984	0.02423491697259943	6.549113159636512E-4	6.549113159636518E-4	-32649.65477066192	0.0	-634.2466056697396
790000	-33327.281270442865	-670.3526304743854	-32656.928639968482	2.832382727312991	2013.073880408457	49.858171011978584	98.2546220025048	2.187721037021581	0.01751686087723103	5.991551866239889E-4	5.991551866239883E-4	-32656.928639968482	0.0	-661.6783161358416
795000	-33317.10732683811	-668.5459256058982	-32648.56140123221	2.8399126573603772	2013.0663504784095	49.90326709033475	126.47399763505801	2.3365399992962708	0.02527657684319585	5.886819292201082E-4	5.886819292201085E-4	-32648.56140123221	0.0	-659.7167556594317
800000	-33317.35540927074	-656.0238994529376	-32661.331509817806	2.808510388333277	2013.0977527474365	49.119155261223376	125.32509501705766	2.4521830412908896	0.04754316607503339	6.420810800108003E-4	6.420810800108004E-4	-32661.331509817806	0.0	-646.9810704682216
805000	-33314.43219386346	-680.7870082667085	-32633.64518559675	3.4843290761542254	2012.4219340596158	53.34889218722982	71.3177641768103	1.9014974123712256	0.03711461937514868	5.529300734912701E-4	5.529300734912694E-4	-32633.64518559675	0.0	-672.4343459363594
810000	-33308.18786618	-662.7640514977953	-32645.423814682206	2.7856090905784723	2013.1206540451915	50.23168107005167	78.42367919116535	2.039168652616774	0.017315504277358656	6.19000277079931E-4	6.190002770799315E-4	-32645.423814682206	0.0	-654.225109148601
815000	-33313.88416421272	-663.6932406724046	-32650.190923540315	2.7331506695473244	2013.1731124662226	49.723064638966726	84.03569363766121	2.0500563536178853	0.027309773742497444	6.110860136455484E-4	6.110860136455494E-4	-32650.190923540315	0.0	-655.1254198052238
820000	-33302.3010050715	-643.5845180684529	-32658.71648700305	2.911214079076493	2012.9950490566935	48.2755326259027	73.95349253598008	2.0237075455868436	0.051352100279812594	6.294511295359161E-4	6.29451129535917E-4	-32658.71648700305	0.0	-634.965482892301
825000	-33294.14678445063	-642.1304162288582	-32652.01636822177	3.1149344297090455	2012.7913287060608	49.690984040807514	55.83803378308708	1.8101625982832932	0.02521206197975277	6.507778706411208E-4	6.507778706411213E-4	-32652.01636822177	0.0	-633.773225773375
830000	-33301.54303822104	-643.4867080709928	-32658.056330150044	3.0195196410658465	2012.886743494704	48.221688128738876	54.02385708582398	1.7020277982231995	0.038266869641124995	6.708716651991195E-4	6.708716651991201E-4	-32658.056330150044	0.0	-635.1813361124858
835000	-33302.94088470883	-641.5080322730719	-32661.432852435755	2.855842221740598	2013.0504209140292	47.12721051049173	43.76918340104385	1.6266656000255981	0.03481233409952806	6.267817018462856E-4	6.267817018462862E-4	-32661.432852435755	0.0	-633.3103568283876
840000	-33298.14799619627	-652.7299571569861	-32645.418039039283	3.004014115742143	2012.9022490200277	50.11873770366399	29.429067018775225	1.3224471014827228	0.09807967203857312	5.796795175266805E-4	5.796795175266804E-4	-32645.418039039283	0.0	-644.7804282608591
845000	-33293.01717531018	-638.6426964826779	-32654.374478827503	3.316394941519544	2012.5898681942504	50.03691848042211	20.62227937054482	1.0688676771797836	0.024762705638420555	5.922476393545111E-4	5.922476393545107E-4	-32654.374478827503	0.0	-631.0813459183943
850000	-33303.597142817285	-644.1573498411934	-32659.43979297609	2.8823053558168317	2013.023957779953	48.26264908621234	18.288210621215065	0.9832818651766743	0.08279074309231312	5.936398511629351E-4	5.936398511629346E-4	-32659.43979297609	0.0	-636.547310410177
855000	-33293.15781660695	-619.6154371666471	-32673.542379440303	2.510104807436238	2013.3961583283337	44.80878424459024	38.54829605474038	1.5394400682095997	0.10619717400380353	6.983265988815308E-4	6.98326598881531E-4	-32673.542379440303	0.0	-611.2812496211925
860000	-33272.06917885667	-616.9401649544957	-32655.129013902177	2.8405302110730224	2013.065732924697	45.29361039786281	45.47185211752449	1.7971480253165977	0.06343896730794861	6.770446329895001E-4	6.770446329894999E-4	-32655.129013902177	0.0	-608.4551977379989
865000	-33247.36500957763	-613.359378685952	-32634.00563089168	2.7970414142854914	2013.1092217214843	44.66644475965779	33.99085840398371	1.5674083437156645	0.043675554729833706	6.85830593189426E-4	6.858305931894262E-4	-32634.00563089168	0.0	-605.1304065283242
870000	-33244.79155614114	-610.9043244900763	-32633.887231651064	2.625147387906467	2013.2811157478634	43.6701359141971	31.637836026989532	1.4272283889699042	0.014824257318055816	6.984480673098116E-4	6.984480673098122E-4	-32633.887231651064	0.0	-602.8529965835482
875000	-33249.68481713137	-602.5373845586629	-32647.147432572707	2.576792580340814	2013.329470555429	44.109342644362165	46.053076701646226	1.842692756348172	0.06349100199905944	6.649522590813638E-4	6.649522590813641E-4	-32647.147432572707	0.0	-594.0038617136786
880000	-33219.939575856406	-599.5977138961568	-32620.341861960253	2.763502645647267	2013.1427604901226	43.06218356861471	24.590572279089436	1.4672942233785846	0.07273619155538229	7.19150048306477E-4	7.191500483064769E-4	-32620.341861960253	0.0	-591.3684856708173
885000	-33245.25243501859	-606.3773396633871	-32638.875095355208	2.9269331743362557	2012.9793299614337	44.71211257350918	33.40057790374383	1.6218094910440986	0.1150365252142669	6.702505911101457E-4	6.702505911101462E-4	-32638.875095355208	0.0	-597.9639160576867
890000	-33254.66610270397	-630.2091622014644	-32624.456940502507	2.448243318250516	2013.4580198175195	44.745541290159785	33.3573157517022	1.4670490163606875	0.10958379927261645	7.27954454767415E-4	7.279544547674156E-4	-32624.456940502507	0.0	-621.9178808282238
895000	-33237.09999781478	-629.5642832057221	-32607.53571460906	2.9895825101170397	2012.9166806256528	46.08616250558153	33.475121621997275	1.4739339712357664	0.007346367768774828	6.506667887682124E-4	6.506667887682129E-4	-32607.53571460906	0.0	-621.5440574216739
900000	-33252.35306651018	-626.5790420547804	-32625.774024455397	2.751187347741699	2013.1550757880282	47.02366577848409	19.916903649805395	1.1352349076772166	0.031441853843717005	6.564359635110907E-4	6.564359635110905E-4	-32625.774024455397	0.0	-618.8542340438502
905000	-33250.196508611596	-612.4643918676524	-32637.732116743944	2.8649796689919462	2013.041283466778	45.35237748429439	14.22490034279512	0.896997154341075	0.022704132115123513	6.574045677055684E-4	6.574045677055686E-4	-32637.732116743944	0.0	-604.9775757065992
910000	-33236.80379075656	-603.8349469352411	-32632.96884382132	2.9122905400313512	2012.9939725957386	45.67823922922081	19.02044741188848	1.1840404247021539	0.029418661619676195	6.283319252127143E-4	6.283319252127144E-4	-32632.96884382132	0.0	-596.0749194822603
915000	-33257.95626379366	-621.082584263644	-32636.87367953002	3.2194530342618375	2012.6868101015082	47.77302918594012	33.54775984006469	1.5753931510269907	0.08683117775321766	6.604960151600453E-4	6.604960151600449E-4	-32636.87367953002	0.0	-612.8108393284017
920000	-33249.50871511539	-635.6255162490783	-32613.883198866315	2.9770488539381956	2012.9292142818317	47.64596654942663	23.073991499869095	1.2720291852344212	0.041676916837129235	6.480292860672251E-4	6.480292860672251E-4	-32613.883198866315	0.0	-627.7564224242641
925000	-33254.3926812609	-624.7050204344449	-32629.687660826454	2.400225403543602	2013.5060377322263	45.74103784994142	32.350494589214996	1.4761022639762438	0.014607789315466963	6.228903192989825E-4	6.228903192989823E-4	-32629.687660826454	0.0	-616.6876650221898
930000	-33255.46816433105	-617.82459407077	-32637.64357026028	2.272285143230059	2013.63397799254	43.3358367092324	40.404417304005044	1.6603135127411213	0.07433898913637142	6.910947434450017E-4	6.910947434450025E-4	-32637.64357026028	0.0	-609.4230657403953
935000	-33253.9723537881	-626.0145830923177	-32627.95777069578	2.79581798062669	2013.1104451551432	45.62107603040309	35.000779752223856	1.6129538719168455	0.027249202656798997	6.789630945735392E-4	6.789630945735387E-4	-32627.95777069578	0.0	-617.7881721663912
940000	-33260.055613716024	-621.6389317021809	-32638.41668201384	3.2428712249861666	2012.6633919107837	46.502299660742146	36.63571353317191	1.6088645172719527	0.04280321058868712	6.41119055410223E-4	6.411190554102231E-4	-32638.41668201384	0.0	-613.4248890637097
945000	-33255.18607074687	-624.2019479149089	-32630.984122831967	2.747406959413051	2013.158856176357	45.75368318633527	32.322671981637235	1.5162362261220554	0.009443914093222337	6.149384302906779E-4	6.149384302906779E-4	-32630.984122831967	0.0	-616.1617048797799
950000	-33249.0156748409	-627.3687764595387	-32621.64689838136	2.9730310990921094	2012.9332320366777	47.83809620805492	21.141137863588046	1.093245569303616	0.03548089059409541	6.39300546321297E-4	6.393005463212975E-4	-32621.64689838136	0.0	-619.6999634634926
955000	-33248.429732028875	-624.0508257158024	-32624.378906313075	2.7897835194570875	2013.1164796163127	46.45919389754428	21.499887268104896	1.3128761455164728	0.047508705345622834	6.231425087312282E-4	6.231425087312285E-4	-32624.378906313075	0.0	-616.1381309022529
960000	-33256.596752130776	-623.4957617452947	-32633.10099038548	2.836942890711809	2013.0693202450582	46.23459262512722	21.49491684693464	1.1816647043808606	0.08137124960787841	6.43880687903316E-4	6.438806879033149E-4	-32633.10099038548	0.0	-615.6269423194824
965000	-33253.86772734007	-627.5190898660469	-32626.348637474024	3.1393801520463622	2012.7668829837235	47.234064064041604	34.03175074441677	1.5296317422184362	0.027661196115765493	7.080247301846667E-4	7.080247301846667E-4	-32626.348637474024	0.0	-619.3691355526445
970000	-33225.342165855895	-614.5477746518615	-32610.794391204035	2.9393620532846163	2012.9669010824853	45.59628268594433	25.84632369333495	1.327025491423717	0.06970134360853786	6.642108320306922E-4	6.642108320306922E-4	-32610.794391204035	0.0	-606.5338806241991
975000	-33230.18160842403	-599.4542108710598	-32630.727397552968	2.664820131186491	2013.2414430045835	44.31384096314903	17.970850331440484	1.1400129327065256	0.05587942511099229	6.456316985679407E-4	6.456316985679408E-4	-32630.727397552968	0.0	-591.6566477554154
980000	-33227.05324422531	-602.3232644251499	-32624.729979800162	3.000229133124918	2012.906034002645	45.30668960613134	19.22633157976585	1.1232331702281653	0.11834977966019457	6.569510720083899E-4	6.569510720083895E-4	-32624.729979800162	0.0	-594.4187626006418
985000	-33226.35404835283	-600.5792200357492	-32625.77482831708	3.0025409745211538	2012.9037221612487	44.67018110280494	25.13050897805582	1.3855265527764289	0.043257417986818814	6.756309163697746E-4	6.756309163697758E-4	-32625.77482831708	0.0	-592.5410412797918
990000	-33230.65721974248	-598.9774849472777	-32631.67973479521	2.550665420237148	2013.3555977155327	43.028987015339894	45.91742702656571	1.7873252360610257	0.07583870361623113	7.157674317427127E-4	7.157674317427144E-4	-32631.67973479521	0.0	-590.4239486067955
995000	-33231.47474601317	-607.5134169877858	-32623.96132902538	2.794609790820999	2013.111653344949	43.856392368761234	37.3365174972638	1.6687913704086308	0.12413842280010716	6.756078628155705E-4	6.756078628155703E-4	-32623.96132902538	0.0	-599.021464385749
1000000	-33243.90524310352	-620.5886818838579	-32623.316561219664	2.4667726683080997	2013.4394904674618	44.37187933399845	92.0846208641944	2.261329043379165	0.06081646262101344	6.885762692529117E-4	6.885762692529117E-4	-32623.316561219664	0.0	-611.625700433222
1005000	-33265.060258588084	-625.8681644169498	-32639.192094171136	2.651496837519847	2013.2547662982502	46.0005635728444	66.00618672808592	2.1221416570539087	0.052224034958998564	6.45619194234854E-4	6.456191942348537E-4	-32639.192094171136	0.0	-617.1129025527387
1010000	-33276.209946961346	-643.7295295014487	-32632.480417459898	2.839688846258039	2013.066574289512	48.25724255974426	75.56060921493498	2.0673910208255823	0.04362167072457645	6.434676179367162E-4	6.43467617936716E-4	-32632.480417459898	0.0	-635.0703895399578
1015000	-33282.34483122481	-643.5804730492763	-32638.76435817553	2.9836074696508694	2012.922655666119	48.673426808386054	46.89549659563527	1.7878428477866564	0.045616329564742805	6.091350734280594E-4	6.091350734280592E-4	-32638.76435817553	0.0	-635.2302913630042
1020000	-33292.1550450526	-647.5355376035889	-32644.619507449006	2.882144254436753	2013.0241188813332	48.39849782677186	62.123793919937	1.9156826980775368	0.05606332010963782	6.027636112593669E-4	6.027636112593664E-4	-32644.619507449006	0.0	-639.0393708840542
1025000	-33278.16391039076	-655.7565620634851	-32622.407348327273	2.9790672973564787	2012.9271958384134	49.1048006210584	60.16654098100963	1.8650947095236068	0.019958275001521954	5.830165086402787E-4	5.830165086402784E-4	-32622.407348327273	0.0	-647.4076557500748
1030000	-33288.002219037815	-641.4762276802746	-32646.52599135754	2.6850957393992667	2013.2211673963707	48.04693013912394	42.641053768292615	1.5680639552866846	0.005835003497954648	6.564013608675696E-4	6.564013608675693E-4	-32646.52599135754	0.0	-633.3796970142478
1035000	-33269.37059603599	-635.144040466646	-32634.22655556934	3.0801642557045077	2012.8260988800655	47.799315018897914	38.80334946388024	1.6555086136687438	0.10396314469522742	5.788002812594581E-4	5.788002812594576E-4	-32634.22655556934	0.0	-626.8280430584899
1040000	-33278.81354827315	-644.1712160015308	-32634.64233227162	2.8181772559202116	2013.0880858798496	48.84638145059137	44.10905563885466	1.6772320468516235	0.018365460885445682	6.202013528814543E-4	6.202013528814542E-4	-32634.64233227162	0.0	-635.9783002780966
1045000	-33279.51894338766	-649.4471379231715	-32630.07180546449	2.913061586656178	2012.9932015491138	50.060899147937015	38.879697619155124	1.5351441756690412	0.06430933827024637	6.444184460894843E-4	6.444184460894852E-4	-32630.07180546449	0.0	-641.2956369638139
1050000	-33267.53835946623	-645.8001882112343	-32621.73817125499	2.7592758877639465	2013.1469872480059	49.657193474512525	29.80152284927348	1.320598037136152	0.026401687574384346	6.218137681814341E-4	6.218137681814339E-4	-32621.73817125499	0.0	-637.9543274401439
1055000	-33250.40751857538	-629.4956415007316	-32620.911877074654	2.95246885739816	2012.9537942783718	46.79847136231993	39.97735014135486	1.5912432326665953	0.05566791162044715	6.468369417982322E-4	6.468369417982312E-4	-32620.911877074654	0.0	-621.2717347115258
1060000	-33236.22626992375	-622.504396696727	-32613.721873227023	2.8872854521732627	2013.0189776835966	46.017885687774964	29.928294228530167	1.423332773662096	0.0049289836742852046	6.926641337014736E-4	6.926641337014737E-4	-32613.721873227023	0.0	-614.5057390619797
1065000	-33239.41134879481	-625.9574394425679	-32613.453909352243	2.497592937374466	2013.4086701983954	44.56265193327137	85.80103590485328	2.278769502748827	0.06260287873630938	7.206276306024362E-4	7.206276306024367E-4	-32613.453909352243	0.0	-616.9513447478837
1070000	-33223.667320727815	-616.0342116348625	-32607.63310909295	2.6789110827299893	2013.22735205304	44.71831883862473	101.06539539922737	2.3492200282538986	0.08937263655269422	6.984235097329896E-4	6.984235097329894E-4	-32607.63310909295	0.0	-606.9222470098806
1075000	-33226.42307455061	-622.5964486756817	-32603.826625874925	2.5678499828004684	2013.3384131529695	44.061858635835605	100.75718416785192	2.3919906614477155	0.028166623667552352	7.532887903578788E-4	7.532887903578797E-4	-32603.826625874925	0.0	-613.5169636873012
1080000	-33250.75840416834	-620.3335835550707	-32630.42482061327	2.628707334640802	2013.2775558011292	44.965267521885984	90.14874232306147	2.3231842509769836	0.053077292411521565	6.784050002377806E-4	6.784050002377811E-4	-32630.42482061327	0.0	-611.3383763925331
1085000	-33241.5922651192	-631.15556488212	-32610.43670023708	2.7575813766721438	2013.1486817590978	45.568711401987294	119.13596418618077	2.458409068771003	0.10691289482828156	7.089857468454364E-4	7.089857468454377E-4	-32610.43670023708	0.0	-621.8999889204594
1090000	-33236.398321405024	-626.521871394987	-32609.87645001004	2.8515999952006754	2013.0546631405691	46.082790137883265	76.87508853019486	2.122599113787114	0.05262823570521806	6.615248607394612E-4	6.61524860739461E-4	-32609.87645001004	0.0	-617.7531730182739
1095000	-33249.79296886165	-626.4724808377339	-32623.320488023914	2.9894561767853585	2012.9168069589846	47.080204491214836	64.28893086360978	1.9653153532559136	0.028181736267455043	6.66064549847076E-4	6.660645498470756E-4	-32623.320488023914	0.0	-617.9164985576864
1100000	-33250.59990361223	-624.1097706578705	-32626.490132954357	3.0209888377581837	2012.8852742980116	46.10976105066537	28.045417287961136	1.3687175934981275	0.011830316701251564	6.818703757237354E-4	6.818703757237359E-4	-32626.490132954357	0.0	-616.1612285123973
1105000	-33227.86482257024	-614.3019735311877	-32613.56284903905	2.8351563225741447	2013.0711068131957	45.24500973944417	20.34851912926859	1.125013527370404	0.07789745282196316	6.733011792720696E-4	6.733011792720693E-4	-32613.56284903905	0.0	-606.4629127831827
1110000	-33239.90286557584	-635.396525412945	-32604.50634016289	2.7423678412256276	2013.1638952945443	45.980707378699535	35.370511564462475	1.6778840124745327	0.05981926975014248	6.969515510932122E-4	6.969515510932123E-4	-32604.50634016289	0.0	-627.0298207046174
1115000	-33226.16897187011	-610.7405519973752	-32615.428419872736	2.778424140373841	2013.1278389953961	43.117705567843	44.932548243742715	1.8539529953495861	0.02884517433426293	7.018211947205416E-4	7.018211947205436E-4	-32615.428419872736	0.0	-602.2257908051298
1120000	-33231.28862005842	-602.7853514596328	-32628.503268598786	2.883256109857654	2013.0230070259122	43.428670562514014	71.85336828086052	2.1503327633561033	0.03640907804482185	7.436210426128761E-4	7.436210426128765E-4	-32628.503268598786	0.0	-593.9314465449667
1125000	-33212.29093868496	-614.7215731241481	-32597.569365560812	2.8344536033540573	2013.071809532416	44.11939143170996	102.97930070137122	2.4125957396957087	0.05669241232822617	7.216679038595441E-4	7.216679038595449E-4	-32597.569365560812	0.0	-605.5878552564975
1130000	-33223.10870069456	-607.0481991059868	-32616.06050158857	2.625839212631556	2013.2804239231384	43.17289182414521	75.0741199643744	2.15334249694446	0.09172029195280382	7.624674687366714E-4	7.624674687366725E-4	-32616.06050158857	0.0	-598.0645387047863
1135000	-33218.089286621595	-608.9010631638087	-32609.188223457782	2.778072506993217	2013.1281906287768	43.80998956126694	56.800100138727785	1.9699326114598283	0.03205111481578448	6.869106966358296E-4	6.869106966358295E-4	-32609.188223457782	0.0	-600.2826604274252
1140000	-33228.31499860608	-607.2986937291856	-32621.016304876895	2.8296043648314333	2013.0766587709384	44.264829402475044	44.93801252726528	1.806294567969421	0.038096646123238764	6.66531599347285E-4	6.665315993472838E-4	-32621.016304876895	0.0	-598.852768899247
1145000	-33227.382117225556	-602.8386280423089	-32624.54348918325	3.018088592046191	2012.8881745437236	44.884429111165254	39.06848124303998	1.7168932848035237	0.049831676833641814	6.577486205553613E-4	6.577486205553621E-4	-32624.54348918325	0.0	-594.4722569795435
1150000	-33205.032237329106	-586.7653828547731	-32618.266854474332	2.6763164372563204	2013.2299466985137	42.98281809349521	23.489505296272483	1.3977098430294046	0.10785693612095014	6.87188780182502E-4	6.87188780182502E-4	-32618.266854474332	0.0	-578.5587475116831
1155000	-33215.04131760544	-593.0495100030496	-32621.991807602393	2.801934740109279	2013.1043283956606	42.99973196656103	58.451247099035555	2.0246539655273486	0.03233065279294982	7.135672257608082E-4	7.135672257608075E-4	-32621.991807602393	0.0	-584.346850506192
1160000	-33219.2609195371	-595.1207754997654	-32624.140144037334	3.0298329485887354	2012.876430187181	44.509962227343756	38.8622862587266	1.693709829864324	0.019217422495228235	6.596049746396016E-4	6.596049746396015E-4	-32624.140144037334	0.0	-586.8333840315568
1165000	-33227.32340086742	-615.5154518912648	-32611.807948976155	2.6951572059981803	2013.2111059297717	44.659044585004885	17.79782174210061	1.0701144016490316	0.07398175268468117	6.646540494185361E-4	6.646540494185351E-4	-32611.807948976155	0.0	-607.7398731494251
1170000	-33249.36135265737	-632.9812401358809	-32616.38011252149	2.6192393700555128	2013.2870237657144	46.51033554141032	18.65963694892308	1.0890459311619263	0.10719033445116294	6.497547185755957E-4	6.497547185755968E-4	-32616.38011252149	0.0	-625.1514113115483
1175000	-33268.82479932546	-646.3316574016968	-32622.49314192377	2.9604444936454537	2012.9458186421246	49.01870393248141	31.591580601313925	1.4056194618634215	0.050348918823818964	6.079731648185421E-4	6.079731648185415E-4	-32622.49314192377	0.0	-638.3587225979146
1180000	-33255.434046401104	-640.8256474405822	-32614.608398960525	2.9840285206471147	2012.9222346151228	48.42825109658542	28.48142494759241	1.3366383664531094	0.021827507802698636	5.951737747663399E-4	5.9517377476634E-4	-32614.608398960525	0.0	-632.9843258515831
1185000	-33261.71825462645	-636.5356934645627	-32625.18256116189	2.7836964174344856	2013.1225667183355	47.302015301109805	21.16302774980902	1.1678841472187944	0.024501871988026447	6.073038833013265E-4	6.073038833013263E-4	-32625.18256116189	0.0	-628.8360939186706
1190000	-33230.64896485784	-614.3240197289929	-32616.32494512885	2.8920754879807085	2013.0141876477892	45.64819078757718	20.978441190418124	1.1872736496916112	0.02380579840383632	6.41179828933273E-4	6.411798289332729E-4	-32616.32494512885	0.0	-606.5609478760533
1195000	-33255.1040280869	-623.084853940416	-32632.01917414648	2.9542906938305915	2012.9519724419392	46.71495809430847	26.018047005665064	1.346397565242865	0.04873474609597564	6.251600993142555E-4	6.25160099314255E-4	-32632.01917414648	0.0	-615.1370155654466
1200000	-33258.85316827033	-616.8026586214743	-32642.050509648856	2.3270178648974715	2013.5792452708724	44.94357224666046	55.34752581236359	1.9283606023544646	0.0970137764465572	6.156375535180156E-4	6.156375535180153E-4	-32642.050509648856	0.0	-608.1658875860138
1205000	-33239.06139883411	-615.9132899887554	-32623.148108845347	2.4881878515084237	2013.4180752842615	44.78154278870747	88.2846793545045	2.282370335381896	0.015051867959324259	7.092829676459399E-4	7.092829676459395E-4	-32623.148108845347	0.0	-607.0094059102903
1210000	-33237.27953952685	-612.980245336328	-32624.299294190518	2.988630931945192	2012.9176322038247	45.155758561121935	60.89281630541788	1.9672743195892288	0.011523036104737492	6.045058692654951E-4	6.045058692654964E-4	-32624.299294190518	0.0	-604.4873371840404
1215000	-33242.50200844044	-629.4875956194805	-32613.01441282096	2.6408832393408628	2013.265379896429	45.85140204352283	60.168720185215065	1.8735640881875848	0.007728648355320918	5.969135109727481E-4	5.96913510972748E-4	-32613.01441282096	0.0	-621.1098848706021
1220000	-33255.032479197536	-637.5298421439135	-32617.502637053625	2.980558266865409	2012.9257048689044	47.455000920212186	44.1575717135179	1.6421573168722066	0.03938783750667583	6.558533372704285E-4	6.558533372704279E-4	-32617.502637053625	0.0	-629.2867312868149
1225000	-33252.10807933573	-651.7854221389641	-32600.322657196768	3.0161175139813468	2012.8901456217886	49.439281900972865	25.985423118410647	1.2450015299918182	0.07090376304346327	6.089301907927548E-4	6.089301907927545E-4	-32600.322657196768	0.0	-643.9352338566355
1230000	-33227.98972962947	-619.3193283542432	-32608.670401275227	2.872105090161044	2013.0341580456088	45.38524712595089	42.33977251475853	1.648442674572537	0.05390727758667445	6.735394716328898E-4	6.735394716328899E-4	-32608.670401275227	0.0	-611.0058640916021
1235000	-33250.71532383243	-611.7453067075099	-32638.970017124924	2.8730560270921712	2013.0332071086777	44.68268271587834	21.55849657928197	1.266475459713705	0.03259154186699195	7.018538204745018E-4	7.018538204745029E-4	-32638.970017124924	0.0	-603.8274671715606
1240000	-33251.86343961399	-604.3145241843774	-32647.548915429612	2.6266003109406464	2013.2796628248293	43.007071450137246	31.74354568758129	1.5361644633114253	0.0721537439196352	6.886946983471655E-4	6.886946983471644E-4	-32647.548915429612	0.0	-596.0398641717882
1245000	-33235.30035121842	-605.4725712524727	-32629.827779965948	2.66588456557423	2013.2403785701956	42.27110336887476	88.8710928479289	2.270663716949368	0.07283731772976766	7.117307058580603E-4	7.117307058580604E-4	-32629.827779965948	0.0	-596.4359254676765
1250000	-33213.995376572755	-597.8042810525433	-32616.191095520215	2.8464308028137095	2013.0598323329561	41.9361038238537	43.20464732541086	1.7852417082819108	0.008808152023245109	7.083989937619905E-4	7.083989937619913E-4	-32616.191095520215	0.0	-589.380318189527
1255000	-33228.17174445541	-599.7090159025602	-32628.46272855285	2.5058226773777137	2013.4004404583923	41.95453866412665	47.58157618974632	1.8754355946346872	0.048102687338249406	6.944081307791891E-4	6.944081307791901E-4	-32628.46272855285	0.0	-591.1269937892855
1260000	-33204.680838515655	-583.3268729179391	-32621.353965597715	2.6874472294516987	2013.2188159063182	41.79674144735676	32.16046410568993	1.6558616043225078	0.014773917490197389	7.39027065281375E-4	7.390270652813748E-4	-32621.353965597715	0.0	-574.9964597400294
1265000	-33214.28976419154	-593.6454570161077	-32620.644307175433	3.0531198720201016	2012.8531432637499	44.67478256841964	25.69442974505428	1.3669188003929484	0.021317684115033975	6.540985538378651E-4	6.540985538378646E-4	-32620.644307175433	0.0	-585.6869646436265
1270000	-33218.51405939052	-598.017666069289	-32620.49639332123	3.107460891362334	2012.7988022444076	44.409114856952506	37.22750621045473	1.636009380773977	0.07108662417783371	7.057945030013015E-4	7.057945030013017E-4	-32620.49639332123	0.0	-589.6472926345724
1275000	-33234.262707751586	-615.1952448306321	-32619.067462920953	2.8370053465046228	2013.0692577892653	44.961389798322514	54.98805643314785	2.005253249366553	0.0458577642587246	6.986198632766462E-4	6.986198632766463E-4	-32619.067462920953	0.0	-606.5171287993121
1280000	-33226.26082042629	-608.1108051595971	-32618.150015266692	2.797421133784098	2013.1088420019857	44.156597888272984	35.9444191039584	1.6573471003182854	0.0460969857078824	7.120707959112863E-4	7.120707959112852E-4	-32618.150015266692	0.0	-599.7617094007164
1285000	-33227.23904805664	-612.9430969412117	-32614.29595111543	2.5047656176507784	2013.4014975181192	43.481005895698374	37.797640137789806	1.6728535828664974	0.12923422261416492	6.981506332740999E-4	6.981506332740996E-4	-32614.29595111543	0.0	-604.4154501711114
1290000	-33220.139047100856	-589.2625747862999	-32630.876472314554	2.524030453673299	2013.3822326820966	42.42631906220195	47.45375622600775	1.9377757969533296	0.025413856814105133	7.396247426007935E-4	7.396247426007925E-4	-32630.876472314554	0.0	-580.6353950285775
1295000	-33211.36288297288	-594.4695096897218	-32616.893373283154	2.6859709112230905	2013.2202922245467	41.912191522936126	55.93037982236267	1.9818406902161514	0.08055776336474371	7.13560973457839E-4	7.135609734578387E-4	-32616.893373283154	0.0	-585.7012065667084
1300000	-33232.54341086355	-598.6088219228477	-32633.934588940705	2.8258954601332325	2013.0803676756366	44.09142409839537	41.03589481486564	1.7599199852428495	0.04201964992228797	6.967398221352291E-4	6.96739822135228E-4	-32633.934588940705	0.0	-590.176123518939
1305000	-33269.66861030735	-643.6530253891012	-32626.01558491825	2.792501691671157	2013.1137614440988	47.46332817402921	57.20330174805502	1.8906876314777616	0.011232898102177391	5.939868386921161E-4	5.93986838692117E-4	-32626.01558491825	0.0	-635.2701223134391
1310000	-33254.69966026007	-645.6239377594735	-32609.075722500595	2.6633752758202975	2013.2428878599496	47.505551977678266	42.11643943580939	1.7263536843571547	0.13725569102995747	6.304372811413765E-4	6.304372811413771E-4	-32609.075722500595	0.0	-637.1223835848768
1315000	-33241.85253307984	-621.6906769328422	-32620.161856146995	2.7788940433741125	2013.1273690923958	45.157286658720004	63.826676841484144	2.028866811127072	0.11026638160779957	6.619886241111822E-4	6.619886241111828E-4	-32620.161856146995	0.0	-612.8906619942474
1320000	-33247.48163257898	-631.3911548533264	-32616.09047772565	2.6154910005950556	2013.2907721351748	44.93390362499075	50.498286847815	1.852333568084507	0.021907100178458337	6.675201366467468E-4	6.675201366467464E-4	-32616.09047772565	0.0	-622.9377842099266
1325000	-33226.852571438496	-626.4113199962919	-32600.441251442204	2.8949414744052913	2013.0113216613647	46.645555856318374	41.3844417770609	1.5890710276329882	0.05120005414078508	6.188296300140674E-4	6.18829630014068E-4	-32600.441251442204	0.0	-618.2204080632387
1330000	-33264.12062549991	-645.4062634188708	-32618.71436208104	2.8856077228364763	2013.0206554129334	48.43553418080842	44.50525522032185	1.6218362858508202	0.09753641242182194	6.387135133370032E-4	6.387135133370025E-4	-32618.71436208104	0.0	-637.0908265483785
1335000	-33273.994099571435	-646.7401760065255	-32627.25392356491	2.9204360437118586	2012.9858270920581	48.395296091661216	53.30993534452037	1.8763245016903185	0.037180295801404556	6.702726901252728E-4	6.702726901252724E-4	-32627.25392356491	0.0	-638.2648436351966
1340000	-33266.30919434081	-638.0038135927351	-32628.305380748072	2.879454604021582	2013.0268085317484	49.5367153878083	25.84714256035932	1.3091706372260603	0.08279329447282172	5.800207583064383E-4	5.800207583064385E-4	-32628.305380748072	0.0	-630.0923555562902
1345000	-33287.92473060573	-657.1593245900339	-32630.765406015696	3.4049907375832325	2012.5012723981868	52.300986572895106	36.43320420843077	1.4593895859740948	0.06974808221595886	5.771852897665292E-4	5.771852897665292E-4	-32630.765406015696	0.0	-649.1517779653683
1350000	-33283.919364254914	-638.4812037767382	-32645.438160478177	2.776899705855257	2013.1293634299147	49.81855097577399	31.152265242020384	1.3444402315897317	0.025655899428398916	5.922607586070208E-4	5.92260758607021E-4	-32645.438160478177	0.0	-630.6403197297909
1355000	-33271.2334633937	-657.2598032681245	-32613.973660125575	3.2278721230346012	2012.6783910127353	51.14168249068121	34.78848700774965	1.439931694973251	0.008480700907137016	5.836654502923428E-4	5.836654502923425E-4	-32613.973660125575	0.0	-649.3778134791398
1360000	-33259.37622734944	-636.1913201267378	-32623.18490722271	3.2111342686715894	2012.6951288670982	48.21888983415109	28.74954698056429	1.4092679560410053	0.0563050914858689	6.006698052819319E-4	6.006698052819321E-4	-32623.18490722271	0.0	-628.2015084696098
1365000	-33265.56110800004	-652.3039713092907	-32613.257136690747	3.0051015723970345	2012.9011615633729	50.61224013423524	28.363651564927856	1.3737172731105485	0.003098254029715027	5.964619769520115E-4	5.964619769520116E-4	-32613.257136690747	0.0	-644.4826394613967
1370000	-33274.76724662665	-649.7329862801436	-32625.034260346507	2.825447070402916	2013.080816065367	48.15894515049418	20.306618777413473	1.0466985053974331	0.006577754741668062	5.94253418482942E-4	5.942534184829416E-4	-32625.034260346507	0.0	-642.2103759718443
1375000	-33249.296721898034	-656.9242544968205	-32592.372467401216	3.210359962784507	2012.6959031729855	49.84935440994527	31.31251755018468	1.384283456132865	0.04782282799451928	6.013186165386899E-4	6.0131861653869E-4	-32592.372467401216	0.0	-648.9914420896025
1380000	-33230.32667319067	-626.5145559079718	-32603.8121172827	2.788220039067886	2013.118043096702	45.68000810047687	64.96635889467031	2.0156314035146083	0.04097235569345655	6.478005111076126E-4	6.478005111076129E-4	-32603.8121172827	0.0	-617.8832424414604
1385000	-33233.592376928515	-629.705270227435	-32603.887106701077	2.707794415289988	2013.19846872048	46.09342315150824	66.66889528419738	2.0937338234752296	0.04062271500236453	6.754896514891125E-4	6.75489651489112E-4	-32603.887106701077	0.0	-620.9785697445071
1390000	-33248.73186209506	-625.4529041631174	-32623.278957931943	3.059497303244347	2012.8467658325255	46.07269784482115	48.023799773686456	1.7736978189843395	0.022828159831803453	5.796595432506405E-4	5.796595432506394E-4	-32623.278957931943	0.0	-617.1627179786431
1395000	-33216.634207907904	-602.6724250587721	-32613.961782849132	2.9949830979012098	2012.9112800378687	43.868079660565385	47.11332041514616	1.8811865368960765	0.043647124324482776	7.394487057769524E-4	7.394487057769523E-4	-32613.961782849132	0.0	-594.0811408286165
1400000	-33228.90197738309	-606.3592630425244	-32622.54271434056	2.6280372201390283	2013.2782259156309	43.81861200866113	30.783114594592497	1.5706305977844437	0.05818443497332558	6.493045165711495E-4	6.493045165711505E-4	-32622.54271434056	0.0	-598.1180474136966
1405000	-33249.132169016455	-633.6222452704684	-32615.509923745987	2.9792661874718265	2012.926996948298	46.2532873352891	43.58883691479509	1.6942649656252196	0.054890328072368634	6.731672600722782E-4	6.731672600722788E-4	-32615.509923745987	0.0	-625.2701617882743
1410000	-33237.67544672867	-616.5382807653808	-32621.137165963282	2.9010167335043433	2013.0052464022656	44.78186650819002	26.02219524306834	1.3296177572453904	0.005419237606018319	6.690623750674423E-4	6.69062375067443E-4	-32621.137165963282	0.0	-608.6380303200945
1415000	-33217.95160473722	-607.1613332087636	-32610.790271528458	2.9026919736743846	2013.0035711620956	44.88969185200462	43.14821535333325	1.7382234907447922	0.04580718418693058	6.814183712277749E-4	6.814183712277758E-4	-32610.790271528458	0.0	-598.7629559390779
1420000	-33221.912370004626	-593.2422973948183	-32628.67007260981	2.541861997425363	2013.3644011383446	43.114432070855905	48.22771667327462	1.9361011016113148	0.05723574925750091	6.297911025745681E-4	6.297911025745686E-4	-32628.67007260981	0.0	-584.6457891082658
1425000	-33207.104053785086	-594.3985345681842	-32612.705519216903	2.7923331194694874	2013.1139300163004	43.43646604355083	42.01555775882417	1.768894998336284	0.009598610493560414	7.096810167918592E-4	7.096810167918591E-4	-32612.705519216903	0.0	-586.0049028903784
1430000	-33198.7515362359	-585.2570049425161	-32613.494531293378	2.6682776053195316	2013.2379855304503	42.353342947173445	56.61562911944391	2.166062689324122	0.028861982931172807	7.548360044686218E-4	7.548360044686227E-4	-32613.494531293378	0.0	-576.3829205945358
1435000	-33226.52982021294	-589.7336679535798	-32636.796152259365	2.6321987943067375	2013.2740643414631	43.10590363574361	24.75435702203648	1.5087999697810568	0.04818030914226523	7.902729450165834E-4	7.902729450165833E-4	-32636.796152259365	0.0	-581.4623000522412
1440000	-33218.30366740756	-608.6348332257484	-32609.668834181815	2.7810498614490022	2013.125213274321	44.378344937576266	42.736109579483085	1.6576564340507756	0.004401719160368854	7.313402702056773E-4	7.313402702056773E-4	-32609.668834181815	0.0	-600.3568915858348
1445000	-33212.97086834416	-614.4868507177141	-32598.48401762644	2.9863855435314064	2012.9198775922384	45.5124847450811	30.408977607121297	1.5203953541469084	0.004188922126304086	6.383559547366896E-4	6.383559547366892E-4	-32598.48401762644	0.0	-606.4307304488707
1450000	-33205.239694368254	-610.5647255521733	-32594.674968816078	2.9401052629986966	2012.9661578727712	44.710574574625255	31.223485557316508	1.5467046344910604	0.018213547598405228	6.589358172976911E-4	6.589358172976904E-4	-32594.674968816078	0.0	-602.4290770125451
1455000	-33252.3381421142	-634.9592952600232	-32617.378846854175	2.4267390853494297	2013.4795240504204	46.00715691844198	50.28533319376881	1.8522065792407403	0.04374003286431976	6.310285404555864E-4	6.310285404555877E-4	-32617.378846854175	0.0	-626.5032617425072
1460000	-33266.36644671878	-646.5166199868077	-32619.84982673197	2.6834786765064327	2013.2227844592635	47.122640994861335	67.16969637723325	1.9930932075544654	0.048554387887939865	6.393708923292169E-4	6.393708923292158E-4	-32619.84982673197	0.0	-637.9142167695272
1465000	-33251.95026911278	-631.4215190822501	-32620.528750030528	2.540734572747473	2013.3655285630225	46.04628796267339	67.53271660082694	2.048226236664543	0.08754093848419957	6.81851545124889E-4	6.818515451248887E-4	-32620.528750030528	0.0	-622.6410213760687
1470000	-33232.88561054096	-640.9723237626988	-32591.913286778257	2.8795452241251294	2013.0267179116447	47.87960758161934	70.4327123223459	2.050561053927016	0.05429215789933509	6.447841929448996E-4	6.447841929448986E-4	-32591.913286778257	0.0	-632.3039539270925
1475000	-33232.83521792249	-631.1195825804492	-32601.71563534204	2.9305955042075333	2012.9756676315624	47.1253741836864	40.90594315672674	1.688937502432303	0.03798825716149342	6.50614800015107E-4	6.506148000151069E-4	-32601.71563534204	0.0	-622.8335108214292
1480000	-33242.43162765134	-634.1508072355905	-32608.280820415748	2.6593152285093598	2013.2469479072606	45.56607712499037	51.08157961179528	1.8326960313439948	0.05860293308154384	6.954169676222613E-4	6.954169676222613E-4	-32608.280820415748	0.0	-625.628497919153
1485000	-33220.79764601642	-629.1687524343699	-32591.628893582052	2.545329778913968	2013.3609333568559	45.43125938368978	90.42543779000104	2.2989022506521533	0.017892394874307806	6.711382325880054E-4	6.711382325880054E-4	-32591.628893582052	0.0	-620.2787479931748
1490000	-33245.41410153996	-646.6041006328344	-32598.810000907124	2.531697934448263	2013.3745652013217	46.81008696553407	94.98723786054659	2.260867258417671	0.11070465915054217	6.6850658404894E-4	6.6850658404894E-4	-32598.810000907124	0.0	-637.5825724373332
1495000	-33258.26443280765	-640.7487156804425	-32617.515717127204	2.692266717229563	2013.2139964185403	48.42516199871136	49.565768012092846	1.7533747917052855	0.1319570419846236	6.235237549779699E-4	6.235237549779705E-4	-32617.515717127204	0.0	-632.2455181247623
1500000	-33263.32948174002	-644.9184026065484	-32618.41107913347	2.9996215710799836	2012.9066415646898	48.261004316878626	40.322012626908524	1.5743100463272397	0.057615936317873075	6.190749192018032E-4	6.190749192018028E-4	-32618.41107913347	0.0	-636.745243947473
1505000	-33270.25778316006	-652.0314520238337	-32618.226331136226	2.999864740024038	2012.9063983957458	49.787272204629495	32.54433191154671	1.3322616139911203	0.08129458536330324	5.833432340179356E-4	5.833432340179356E-4	-32618.226331136226	0.0	-644.0991894097326
1510000	-33256.709159513455	-639.4541973540427	-32617.25496215941	2.7504553657127513	2013.1558077700572	46.981008344281676	35.01528995855916	1.4696633837973943	0.023241944350664314	6.399435998942828E-4	6.399435998942827E-4	-32617.25496215941	0.0	-631.4242813016169
1515000	-33259.910310675834	-649.7514715741372	-32610.1588391017	3.0024108644190317	2012.9038522713508	48.74187930068732	23.61945774670549	1.152445307407022	0.0842098457938122	6.004457081947842E-4	6.004457081947828E-4	-32610.1588391017	0.0	-641.9680015887714
1520000	-33315.10755845729	-695.019546752586	-32620.088011704705	3.2063077750428195	2012.699955360727	54.553435018842876	25.183178551354562	1.1806331458658634	0.004566151810537113	5.783277221370595E-4	5.783277221370595E-4	-32620.088011704705	0.0	-687.4399645681451
1525000	-33294.57076545078	-674.7109589000037	-32619.859806550772	2.932315527449285	2012.9739476083207	52.495010952867545	49.84022728917595	1.6216336750548073	0.034363958246152494	6.02928454224122E-4	6.029284542241214E-4	-32619.859806550772	0.0	-666.5903728392915
1530000	-33320.81669349808	-704.2341308150585	-32616.582562683026	3.156845346589189	2012.7494177891808	55.22623345777364	52.18264418702345	1.4929563479152619	0.07966199039599967	5.58150967838823E-4	5.581509678388234E-4	-32616.582562683026	0.0	-696.2163732587126
1535000	-33320.23098351681	-703.6162924567407	-32616.61469106007	3.587678030469885	2012.3185851053	56.15423638086254	41.81443936398883	1.3074234591932932	0.017746613742614645	5.803828759679925E-4	5.803828759679932E-4	-32616.61469106007	0.0	-695.895038594146
1540000	-33305.50236424057	-690.1566157132371	-32615.345748527336	2.7385155640553425	2013.1677475717145	52.74135459830383	33.692893877618054	1.311483606064906	0.011394761906765302	6.122038857784656E-4	6.122038857784654E-4	-32615.345748527336	0.0	-682.3863493089541
1545000	-33301.21637365502	-696.96944715552	-32604.246926499498	3.5080004852216415	2012.3982626505483	55.45897184233841	22.041986058012654	0.9534025177309865	0.03396368568281825	5.116059706612298E-4	5.116059706612297E-4	-32604.246926499498	0.0	-689.6310329570842
1550000	-33280.54997589276	-660.7951236518882	-32619.754852240872	2.661148168015154	2013.2451149677547	49.824986295616455	32.80767749953388	1.4282077596566485	0.04761220643084878	6.312557274343629E-4	6.312557274343629E-4	-32619.754852240872	0.0	-652.7927787343928
1555000	-33268.590057169204	-669.2090685396016	-32599.3809886296	2.6132197624810094	2013.2930433732888	51.06555927165188	25.520705189641486	1.1638378771994307	0.011003049028766974	5.893795578883033E-4	5.893795578883027E-4	-32599.3809886296	0.0	-661.5923571798128
1560000	-33268.214886313996	-660.7629144303405	-32607.451971883653	3.022609191875204	2012.8836539438946	50.19230914813143	40.81882933388884	1.558747781397441	0.08105841880223466	6.649233978086846E-4	6.649233978086845E-4	-32607.451971883653	0.0	-652.5388274373929
